#
# A fatal error has been detected by the Java Runtime Environment:
#
#  EXCEPTION_ACCESS_VIOLATION (0xc0000005) at pc=0x00007ffb4ae3172d, pid=9484, tid=4124
#
# JRE version: OpenJDK Runtime Environment (11.0.8+10) (build 11.0.8+10-b944.6842174)
# Java VM: OpenJDK 64-Bit Server VM (11.0.8+10-b944.6842174, mixed mode, tiered, compressed oops, g1 gc, windows-amd64)
# Problematic frame:
# V  [jvm.dll+0x2d172d]
#
# No core dump will be written. Minidumps are not enabled by default on client versions of Windows
#
# If you would like to submit a bug report, please visit:
#   https://bugreport.java.com/bugreport/crash.jsp
#

---------------  S U M M A R Y ------------

Command Line: --add-opens=java.base/java.util=ALL-UNNAMED --add-opens=java.base/java.lang=ALL-UNNAMED --add-opens=java.base/java.lang.invoke=ALL-UNNAMED --add-opens=java.prefs/java.util.prefs=ALL-UNNAMED -Xmx2048m -Dfile.encoding=UTF-8 -Duser.country=US -Duser.language=en -Duser.variant org.gradle.launcher.daemon.bootstrap.GradleDaemon 6.7.1

Host: Intel(R) Core(TM) i5-3210M CPU @ 2.50GHz, 4 cores, 5G,  Windows 10 , 64 bit Build 19041 (10.0.19041.1023)
Time: Sat Jul 17 11:34:47 2021 India Standard Time elapsed time: 9 seconds (0d 0h 0m 9s)

---------------  T H R E A D  ---------------

Current thread (0x0000029868560000):  GCTaskThread "GC Thread#2" [stack: 0x000000db5c700000,0x000000db5c800000] [id=4124]

Stack: [0x000000db5c700000,0x000000db5c800000],  sp=0x000000db5c7ff5b0,  free space=1021k
Native frames: (J=compiled Java code, j=interpreted, Vv=VM code, C=native code)
V  [jvm.dll+0x2d172d]
V  [jvm.dll+0x2fc02f]
V  [jvm.dll+0x2fccd8]
V  [jvm.dll+0x30cfc8]
V  [jvm.dll+0x1cbc64]
V  [jvm.dll+0x1cbcf3]
V  [jvm.dll+0x2fab9d]
V  [jvm.dll+0x1cc7ea]
V  [jvm.dll+0x30ddb9]
V  [jvm.dll+0x2da8e2]
V  [jvm.dll+0x7384e0]
V  [jvm.dll+0x6d3895]
V  [jvm.dll+0x5dd4a6]
C  [ucrtbase.dll+0x21bb2]
C  [KERNEL32.DLL+0x17034]
C  [ntdll.dll+0x52651]


siginfo: EXCEPTION_ACCESS_VIOLATION (0xc0000005), reading address 0x00000000000000f8


Register to memory mapping:

RIP=0x00007ffb4ae3172d jvm.dll
RAX=0x000002984c5c2080 points into unknown readable memory: 00 00 00 00 00 00 00 00
RBX=0x000002986afc9fc0 points into unknown readable memory: 38 23 37 4b fb 7f 00 00
RCX=0x0 is NULL
RDX=0x000002984c612730 points into unknown readable memory: f0 9c 37 4b fb 7f 00 00
RSP=0x000000db5c7ff5b0 points into unknown readable memory: 5c 6e a2 84 00 00 00 00
RBP=0x0000000100002308 is pointing into metadata
RSI=0x000002986afca130 points into unknown readable memory: f0 22 37 4b fb 7f 00 00
RDI=0x0000000081d180bc is pointing into object: java.lang.Class 
{0x0000000081d180b0} - klass: 'java/lang/Class'
R8 =0x0000000081d180d0 is pointing into object: java.lang.Class 
{0x0000000081d180b0} - klass: 'java/lang/Class'
R9 =0x0000000000000a0f is an unknown value
R10=0x0000000081d180d0 is pointing into object: java.lang.Class 
{0x0000000081d180b0} - klass: 'java/lang/Class'
R11=0x000002986afca130 points into unknown readable memory: f0 22 37 4b fb 7f 00 00
R12=0x000000000000000e is an unknown value
R13=0x0 is NULL
R14=0x0000000100002308 is pointing into metadata
R15=0x0000000081d180b0 is an oop: java.lang.Class 
{0x0000000081d180b0} - klass: 'java/lang/Class'


Registers:
RAX=0x000002984c5c2080, RBX=0x000002986afc9fc0, RCX=0x0000000000000000, RDX=0x000002984c612730
RSP=0x000000db5c7ff5b0, RBP=0x0000000100002308, RSI=0x000002986afca130, RDI=0x0000000081d180bc
R8 =0x0000000081d180d0, R9 =0x0000000000000a0f, R10=0x0000000081d180d0, R11=0x000002986afca130
R12=0x000000000000000e, R13=0x0000000000000000, R14=0x0000000100002308, R15=0x0000000081d180b0
RIP=0x00007ffb4ae3172d, EFLAGS=0x0000000000010207

Top of Stack: (sp=0x000000db5c7ff5b0)
0x000000db5c7ff5b0:   0000000084a26e5c 0000000081d180d5
0x000000db5c7ff5c0:   000002984c5b3720 0000000081d17b29
0x000000db5c7ff5d0:   0000000081d180d0 00007ffb4ae5c02f
0x000000db5c7ff5e0:   0000000081d180d4 00007ffb4ae5cf62
0x000000db5c7ff5f0:   0000000081d17b28 00007ffb4ac696f3
0x000000db5c7ff600:   0000000084222050 0000000000000002
0x000000db5c7ff610:   0000000081d180b0 00007ffb4ae5ccd8
0x000000db5c7ff620:   0000000000000002 00000017b33a6511
0x000000db5c7ff630:   000002986afc9fc0 0000000000000001
0x000000db5c7ff640:   0000000084a1d030 0000000081d15a35
0x000000db5c7ff650:   000000086953eda0 00000017b33a6511
0x000000db5c7ff660:   0000000000000000 0000000084222050
0x000000db5c7ff670:   000002986879d590 000002986953eda8
0x000000db5c7ff680:   0000000000000000 000002986b8b2a88
0x000000db5c7ff690:   0000000000000020 00007ffb4ae6cfc8
0x000000db5c7ff6a0:   0000000000000016 0000000000000001 

Instructions: (pc=0x00007ffb4ae3172d)
0x00007ffb4ae3162d:   ec 20 48 63 1d 3a 46 71 00 48 8b ca 48 03 da 49
0x00007ffb4ae3163d:   8b f0 e8 5c 93 0a 00 48 63 c8 48 8d 3c 8b 48 3b
0x00007ffb4ae3164d:   df 73 36 48 8b 46 18 48 ff 80 c0 00 00 00 8b 0b
0x00007ffb4ae3165d:   85 c9 74 1c 8b d1 8b 0d 1f b4 6c 00 48 d3 e2 48
0x00007ffb4ae3166d:   03 15 0d b4 6c 00 74 08 48 8b c8 e8 a3 61 00 00
0x00007ffb4ae3167d:   48 83 c3 04 48 3b df 72 ca 48 8b 5c 24 30 48 8b
0x00007ffb4ae3168d:   74 24 38 48 83 c4 20 5f c3 cc cc cc cc cc cc cc
0x00007ffb4ae3169d:   cc cc cc 48 89 5c 24 08 57 48 83 ec 20 48 8b 41
0x00007ffb4ae316ad:   18 48 8b da 48 83 cb 01 48 8b d3 48 8b 78 10 48
0x00007ffb4ae316bd:   8b cf e8 bc 7a 00 00 84 c0 75 23 48 8b 47 20 48
0x00007ffb4ae316cd:   39 47 38 75 09 48 8d 4f 18 e8 35 48 0b 00 48 8b
0x00007ffb4ae316dd:   4f 38 48 8b 47 50 48 89 1c c8 48 ff 47 38 48 8b
0x00007ffb4ae316ed:   5c 24 30 48 83 c4 20 5f c3 cc cc cc cc cc cc cc
0x00007ffb4ae316fd:   cc cc cc 40 53 48 83 ec 20 8b 82 04 01 00 00 48
0x00007ffb4ae3170d:   8b d9 d1 e8 a8 01 75 6b 48 8b 41 08 8b 88 c0 02
0x00007ffb4ae3171d:   00 00 48 8b 80 b0 02 00 00 49 d3 e9 4a 8b 0c c8
0x00007ffb4ae3172d:   48 8b 81 f8 00 00 00 83 b8 18 01 00 00 00 74 43
0x00007ffb4ae3173d:   48 8b 4b 50 48 89 7c 24 30 49 c1 e8 09 48 8b 79
0x00007ffb4ae3174d:   48 48 2b 79 40 49 03 f8 48 8b d7 e8 a3 c1 ff ff
0x00007ffb4ae3175d:   84 c0 74 1a 80 7b 28 00 48 8d 4b 18 74 10 48 8b
0x00007ffb4ae3176d:   43 50 48 8b 50 40 48 03 d7 e8 45 66 35 00 48 8b
0x00007ffb4ae3177d:   7c 24 30 48 83 c4 20 5b c3 cc cc cc cc cc cc cc
0x00007ffb4ae3178d:   cc cc cc 48 89 5c 24 08 48 89 74 24 10 57 48 83
0x00007ffb4ae3179d:   ec 20 48 63 fa 48 8d 05 7f ae 53 00 45 33 c0 48
0x00007ffb4ae317ad:   89 01 48 8b f1 89 79 08 48 8b df 48 8d 0c fd 00
0x00007ffb4ae317bd:   00 00 00 41 8d 50 05 e8 b7 e8 dd ff 45 33 db 48
0x00007ffb4ae317cd:   89 46 10 4c 8d 4e 10 4c 8b d0 45 8b c3 85 ff 7e
0x00007ffb4ae317dd:   56 83 ff 02 72 51 8d 4f ff 48 63 d1 48 8d 04 d0
0x00007ffb4ae317ed:   4d 3b d1 77 05 49 3b c1 73 3d 8b c7 25 01 00 00
0x00007ffb4ae317fd:   80 7d 07 ff c8 83 c8 fe ff c0 2b f8 0f 1f 80 00
0x00007ffb4ae3180d:   00 00 00 41 83 c0 02 44 3b c7 7c f7 8d 47 01 49
0x00007ffb4ae3181d:   8b fa 99 2b c2 d1 f8 48 63 c8 48 c1 e1 04 48 c1 


Stack slot to memory mapping:
stack at sp + 0 slots: 0x0000000084a26e5c is pointing into object: [Ljava.lang.Object; 
{0x0000000084a26d88} - klass: 'java/lang/Object'[]
 - length: 149
stack at sp + 1 slots: 0x0000000081d180d5 is pointing into object: java.lang.Class 
{0x0000000081d180b0} - klass: 'java/lang/Class'
stack at sp + 2 slots: 0x000002984c5b3720 points into unknown readable memory: 67 03 00 00 00 00 00 00
stack at sp + 3 slots: 0x0000000081d17b29 is pointing into object: [Ljava.lang.Object; 
{0x0000000081d17b00} - klass: 'java/lang/Object'[]
 - length: 7
stack at sp + 4 slots: 0x0000000081d180d0 is pointing into object: java.lang.Class 
{0x0000000081d180b0} - klass: 'java/lang/Class'
stack at sp + 5 slots: 0x00007ffb4ae5c02f jvm.dll
stack at sp + 6 slots: 0x0000000081d180d4 is pointing into object: java.lang.Class 
{0x0000000081d180b0} - klass: 'java/lang/Class'
stack at sp + 7 slots: 0x00007ffb4ae5cf62 jvm.dll


---------------  P R O C E S S  ---------------

Threads class SMR info:
_java_thread_list=0x000002986d3a5990, length=135, elements={
0x000002984c599800, 0x0000029866711800, 0x0000029866715000, 0x000002986672e000,
0x000002986672f000, 0x0000029866731000, 0x0000029866738800, 0x000002986673c000,
0x00000298671e8800, 0x0000029867203800, 0x0000029868e87800, 0x0000029868631800,
0x0000029868bc3000, 0x000002986867f000, 0x0000029868680000, 0x00000298690cf000,
0x000002986932a800, 0x000002986972a000, 0x0000029868bbe800, 0x0000029869153000,
0x0000029869024800, 0x000002986901f800, 0x0000029869022000, 0x000002986962e000,
0x0000029869020800, 0x0000029869021000, 0x0000029869023000, 0x0000029869023800,
0x000002986901e800, 0x0000029869025800, 0x000002986adbc800, 0x000002986adbd000,
0x000002986adbe000, 0x000002986adbb800, 0x000002986adb8800, 0x000002986adba000,
0x000002986adba800, 0x000002986adc3800, 0x000002986adc4800, 0x000002986adc1000,
0x000002986adc0800, 0x000002986adc3000, 0x000002986adbf000, 0x000002986adc2000,
0x000002986adc5800, 0x000002986adbf800, 0x000002986adc6000, 0x000002986adc7000,
0x000002986aee5000, 0x000002986aee4800, 0x000002986aee7800, 0x000002986aeec000,
0x000002986aee8800, 0x000002986aee6000, 0x000002986aeea000, 0x000002986aeec800,
0x000002986aee9800, 0x000002986aee7000, 0x000002986aeed800, 0x000002986aef0000,
0x000002986aeef000, 0x000002986aeee000, 0x000002986aef0800, 0x000002986aeeb000,
0x000002986aef3000, 0x000002986aef1800, 0x000002986aef2800, 0x000002986b3b4800,
0x000002986b3b5800, 0x000002986b3b6000, 0x000002986b3b3000, 0x000002986b3b8000,
0x000002986b3b7000, 0x000002986b3b2000, 0x000002986b3b8800, 0x000002986b3b9800,
0x000002986b3b4000, 0x000002986b3ba800, 0x000002986b3bd000, 0x000002986b3bd800,
0x000002986b3bf000, 0x000002986b3c0000, 0x000002986b3be800, 0x000002986b3bb000,
0x000002986b3c1000, 0x000002986b3bc000, 0x0000029869dff000, 0x0000029869dfd000,
0x0000029869dfb800, 0x0000029869dfc800, 0x0000029869dfe000, 0x0000029869dfa000,
0x0000029869df9000, 0x0000029869dff800, 0x0000029869e00800, 0x0000029869dfb000,
0x0000029869e06000, 0x0000029869e07000, 0x0000029869e01800, 0x0000029869e02000,
0x0000029869e03800, 0x0000029869e08000, 0x0000029869e04800, 0x0000029869e05800,
0x0000029869e03000, 0x000002986b59c000, 0x000002986b59a000, 0x000002986b596000,
0x000002986b59c800, 0x000002986b597000, 0x000002986b59b000, 0x000002986b598800,
0x000002986b59d800, 0x000002986b598000, 0x000002986b59e800, 0x000002986b59f000,
0x000002986b599800, 0x000002986b5a5000, 0x000002986b5a0000, 0x000002986b5a1800,
0x000002986b5a0800, 0x000002986b5a4000, 0x000002986b5a2800, 0x000002986b5a3000,
0x0000029867ffd800, 0x0000029867ffe800, 0x0000029867fff800, 0x0000029868000000,
0x0000029868001000, 0x0000029868005000, 0x0000029868004000, 0x0000029868006000,
0x0000029868006800, 0x0000029868002000, 0x0000029868003800
}

Java Threads: ( => current thread )
  0x000002984c599800 JavaThread "main" [_thread_blocked, id=6476, stack(0x000000db5a900000,0x000000db5aa00000)]
  0x0000029866711800 JavaThread "Reference Handler" daemon [_thread_blocked, id=9808, stack(0x000000db5b000000,0x000000db5b100000)]
  0x0000029866715000 JavaThread "Finalizer" daemon [_thread_blocked, id=4788, stack(0x000000db5b100000,0x000000db5b200000)]
  0x000002986672e000 JavaThread "Signal Dispatcher" daemon [_thread_blocked, id=2348, stack(0x000000db5b200000,0x000000db5b300000)]
  0x000002986672f000 JavaThread "Attach Listener" daemon [_thread_blocked, id=5776, stack(0x000000db5b300000,0x000000db5b400000)]
  0x0000029866731000 JavaThread "C2 CompilerThread0" daemon [_thread_blocked, id=6700, stack(0x000000db5b400000,0x000000db5b500000)]
  0x0000029866738800 JavaThread "C1 CompilerThread0" daemon [_thread_blocked, id=5200, stack(0x000000db5b500000,0x000000db5b600000)]
  0x000002986673c000 JavaThread "Sweeper thread" daemon [_thread_blocked, id=5784, stack(0x000000db5b600000,0x000000db5b700000)]
  0x00000298671e8800 JavaThread "Common-Cleaner" daemon [_thread_blocked, id=10172, stack(0x000000db5b700000,0x000000db5b800000)]
  0x0000029867203800 JavaThread "Service Thread" daemon [_thread_blocked, id=8276, stack(0x000000db5b800000,0x000000db5b900000)]
  0x0000029868e87800 JavaThread "Daemon health stats" [_thread_blocked, id=9568, stack(0x000000db5bc00000,0x000000db5bd00000)]
  0x0000029868631800 JavaThread "Incoming local TCP Connector on port 7139" [_thread_in_native, id=8976, stack(0x000000db5be00000,0x000000db5bf00000)]
  0x0000029868bc3000 JavaThread "Daemon periodic checks" [_thread_blocked, id=3560, stack(0x000000db5bf00000,0x000000db5c000000)]
  0x000002986867f000 JavaThread "Daemon" [_thread_blocked, id=5060, stack(0x000000db5c000000,0x000000db5c100000)]
  0x0000029868680000 JavaThread "Handler for socket connection from /127.0.0.1:7139 to /127.0.0.1:7140" [_thread_in_native, id=6696, stack(0x000000db5c100000,0x000000db5c200000)]
  0x00000298690cf000 JavaThread "Cancel handler" [_thread_blocked, id=1112, stack(0x000000db5c200000,0x000000db5c300000)]
  0x000002986932a800 JavaThread "Daemon worker" [_thread_blocked, id=572, stack(0x000000db5c300000,0x000000db5c400000)]
  0x000002986972a000 JavaThread "Asynchronous log dispatcher for DefaultDaemonConnection: socket connection from /127.0.0.1:7139 to /127.0.0.1:7140" [_thread_blocked, id=2080, stack(0x000000db5c400000,0x000000db5c500000)]
  0x0000029868bbe800 JavaThread "Stdin handler" [_thread_blocked, id=3720, stack(0x000000db5c500000,0x000000db5c600000)]
  0x0000029869153000 JavaThread "Thread-8" [_thread_blocked, id=7836, stack(0x000000db5c600000,0x000000db5c700000)]
  0x0000029869024800 JavaThread "Cache worker for file hash cache (C:\Users\Debaroti\.gradle\caches\6.7.1\fileHashes)" [_thread_blocked, id=7460, stack(0x000000db5c900000,0x000000db5ca00000)]
  0x000002986901f800 JavaThread "File lock request listener" [_thread_in_native, id=3784, stack(0x000000db5ca00000,0x000000db5cb00000)]
  0x0000029869022000 JavaThread "Cache worker for journal cache (C:\Users\Debaroti\.gradle\caches\journal-1)" [_thread_blocked, id=2720, stack(0x000000db5cb00000,0x000000db5cc00000)]
  0x000002986962e000 JavaThread "C2 CompilerThread1" daemon [_thread_in_native, id=10152, stack(0x000000db5cc00000,0x000000db5cd00000)]
  0x0000029869020800 JavaThread "Cache worker for file hash cache (C:\Users\Debaroti\AndroidStudioProjects\PetAPP1\.gradle\6.7.1\fileHashes)" [_thread_blocked, id=6768, stack(0x000000db5cd00000,0x000000db5ce00000)]
  0x0000029869021000 JavaThread "Cache worker for checksums cache (C:\Users\Debaroti\AndroidStudioProjects\PetAPP1\.gradle\checksums)" [_thread_blocked, id=3516, stack(0x000000db5ce00000,0x000000db5cf00000)]
  0x0000029869023000 JavaThread "Cache worker for cache directory md-supplier (C:\Users\Debaroti\.gradle\caches\6.7.1\md-supplier)" [_thread_blocked, id=2964, stack(0x000000db5cf00000,0x000000db5d000000)]
  0x0000029869023800 JavaThread "Cache worker for cache directory md-rule (C:\Users\Debaroti\.gradle\caches\6.7.1\md-rule)" [_thread_blocked, id=5844, stack(0x000000db5d000000,0x000000db5d100000)]
  0x000002986901e800 JavaThread "Cache worker for execution history cache (C:\Users\Debaroti\.gradle\caches\6.7.1\executionHistory)" [_thread_blocked, id=7728, stack(0x000000db5d100000,0x000000db5d200000)]
  0x0000029869025800 JavaThread "jar transforms" [_thread_blocked, id=10216, stack(0x000000db5d200000,0x000000db5d300000)]
  0x000002986adbc800 JavaThread "Cache worker for file content cache (C:\Users\Debaroti\.gradle\caches\6.7.1\fileContent)" [_thread_blocked, id=9460, stack(0x000000db5d300000,0x000000db5d400000)]
  0x000002986adbd000 JavaThread "Cache worker for Build Output Cleanup Cache (C:\Users\Debaroti\AndroidStudioProjects\PetAPP1\.gradle\buildOutputCleanup)" [_thread_blocked, id=9072, stack(0x000000db5d400000,0x000000db5d500000)]
  0x000002986adbe000 JavaThread "Build operations" [_thread_blocked, id=7748, stack(0x000000db5d500000,0x000000db5d600000)]
  0x000002986adbb800 JavaThread "Build operations Thread 2" [_thread_blocked, id=8584, stack(0x000000db5d600000,0x000000db5d700000)]
  0x000002986adb8800 JavaThread "Build operations Thread 3" [_thread_blocked, id=2052, stack(0x000000db5d700000,0x000000db5d800000)]
  0x000002986adba000 JavaThread "Build operations Thread 4" [_thread_blocked, id=1204, stack(0x000000db5d800000,0x000000db5d900000)]
  0x000002986adba800 JavaThread "jar transforms Thread 2" [_thread_blocked, id=5604, stack(0x000000db5d900000,0x000000db5da00000)]
  0x000002986adc3800 JavaThread "jar transforms Thread 3" [_thread_blocked, id=2356, stack(0x000000db5da00000,0x000000db5db00000)]
  0x000002986adc4800 JavaThread "jar transforms Thread 4" [_thread_blocked, id=3220, stack(0x000000db5db00000,0x000000db5dc00000)]
  0x000002986adc1000 JavaThread "jar transforms Thread 5" [_thread_blocked, id=6564, stack(0x000000db5dc00000,0x000000db5dd00000)]
  0x000002986adc0800 JavaThread "jar transforms Thread 6" [_thread_blocked, id=6832, stack(0x000000db5dd00000,0x000000db5de00000)]
  0x000002986adc3000 JavaThread "jar transforms Thread 7" [_thread_blocked, id=5632, stack(0x000000db5de00000,0x000000db5df00000)]
  0x000002986adbf000 JavaThread "jar transforms Thread 8" [_thread_blocked, id=2924, stack(0x000000db5df00000,0x000000db5e000000)]
  0x000002986adc2000 JavaThread "jar transforms Thread 9" [_thread_blocked, id=6236, stack(0x000000db5e000000,0x000000db5e100000)]
  0x000002986adc5800 JavaThread "jar transforms Thread 10" [_thread_blocked, id=376, stack(0x000000db5e100000,0x000000db5e200000)]
  0x000002986adbf800 JavaThread "jar transforms Thread 11" [_thread_blocked, id=8096, stack(0x000000db5e200000,0x000000db5e300000)]
  0x000002986adc6000 JavaThread "jar transforms Thread 12" [_thread_blocked, id=3548, stack(0x000000db5e300000,0x000000db5e400000)]
  0x000002986adc7000 JavaThread "jar transforms Thread 13" [_thread_blocked, id=2912, stack(0x000000db5e400000,0x000000db5e500000)]
  0x000002986aee5000 JavaThread "jar transforms Thread 14" [_thread_blocked, id=3356, stack(0x000000db5e500000,0x000000db5e600000)]
  0x000002986aee4800 JavaThread "jar transforms Thread 15" [_thread_blocked, id=3576, stack(0x000000db5e600000,0x000000db5e700000)]
  0x000002986aee7800 JavaThread "jar transforms Thread 16" [_thread_blocked, id=5356, stack(0x000000db5e700000,0x000000db5e800000)]
  0x000002986aeec000 JavaThread "jar transforms Thread 17" [_thread_blocked, id=6268, stack(0x000000db5e800000,0x000000db5e900000)]
  0x000002986aee8800 JavaThread "jar transforms Thread 18" [_thread_blocked, id=9656, stack(0x000000db5e900000,0x000000db5ea00000)]
  0x000002986aee6000 JavaThread "jar transforms Thread 19" [_thread_blocked, id=8356, stack(0x000000db5ea00000,0x000000db5eb00000)]
  0x000002986aeea000 JavaThread "jar transforms Thread 20" [_thread_blocked, id=5300, stack(0x000000db5eb00000,0x000000db5ec00000)]
  0x000002986aeec800 JavaThread "jar transforms Thread 21" [_thread_blocked, id=2100, stack(0x000000db5ec00000,0x000000db5ed00000)]
  0x000002986aee9800 JavaThread "jar transforms Thread 22" [_thread_blocked, id=7788, stack(0x000000db5ed00000,0x000000db5ee00000)]
  0x000002986aee7000 JavaThread "jar transforms Thread 23" [_thread_blocked, id=8300, stack(0x000000db5ee00000,0x000000db5ef00000)]
  0x000002986aeed800 JavaThread "jar transforms Thread 24" [_thread_blocked, id=8188, stack(0x000000db5ef00000,0x000000db5f000000)]
  0x000002986aef0000 JavaThread "jar transforms Thread 25" [_thread_blocked, id=912, stack(0x000000db5f000000,0x000000db5f100000)]
  0x000002986aeef000 JavaThread "jar transforms Thread 26" [_thread_blocked, id=2896, stack(0x000000db5f100000,0x000000db5f200000)]
  0x000002986aeee000 JavaThread "jar transforms Thread 27" [_thread_blocked, id=9080, stack(0x000000db5f200000,0x000000db5f300000)]
  0x000002986aef0800 JavaThread "jar transforms Thread 28" [_thread_blocked, id=3160, stack(0x000000db5f300000,0x000000db5f400000)]
  0x000002986aeeb000 JavaThread "jar transforms Thread 29" [_thread_blocked, id=5236, stack(0x000000db5f400000,0x000000db5f500000)]
  0x000002986aef3000 JavaThread "jar transforms Thread 30" [_thread_blocked, id=1588, stack(0x000000db5f500000,0x000000db5f600000)]
  0x000002986aef1800 JavaThread "jar transforms Thread 31" [_thread_blocked, id=5264, stack(0x000000db5f600000,0x000000db5f700000)]
  0x000002986aef2800 JavaThread "jar transforms Thread 32" [_thread_blocked, id=5308, stack(0x000000db5f700000,0x000000db5f800000)]
  0x000002986b3b4800 JavaThread "jar transforms Thread 33" [_thread_blocked, id=812, stack(0x000000db5f800000,0x000000db5f900000)]
  0x000002986b3b5800 JavaThread "jar transforms Thread 34" [_thread_blocked, id=8524, stack(0x000000db5f900000,0x000000db5fa00000)]
  0x000002986b3b6000 JavaThread "jar transforms Thread 35" [_thread_blocked, id=7708, stack(0x000000db5fa00000,0x000000db5fb00000)]
  0x000002986b3b3000 JavaThread "jar transforms Thread 36" [_thread_blocked, id=5420, stack(0x000000db5fb00000,0x000000db5fc00000)]
  0x000002986b3b8000 JavaThread "jar transforms Thread 37" [_thread_blocked, id=8800, stack(0x000000db5fc00000,0x000000db5fd00000)]
  0x000002986b3b7000 JavaThread "jar transforms Thread 38" [_thread_blocked, id=2360, stack(0x000000db5fd00000,0x000000db5fe00000)]
  0x000002986b3b2000 JavaThread "jar transforms Thread 39" [_thread_blocked, id=5872, stack(0x000000db5fe00000,0x000000db5ff00000)]
  0x000002986b3b8800 JavaThread "jar transforms Thread 40" [_thread_blocked, id=9988, stack(0x000000db5ff00000,0x000000db60000000)]
  0x000002986b3b9800 JavaThread "jar transforms Thread 41" [_thread_blocked, id=804, stack(0x000000db60000000,0x000000db60100000)]
  0x000002986b3b4000 JavaThread "jar transforms Thread 42" [_thread_blocked, id=3592, stack(0x000000db60100000,0x000000db60200000)]
  0x000002986b3ba800 JavaThread "jar transforms Thread 43" [_thread_blocked, id=9660, stack(0x000000db60200000,0x000000db60300000)]
  0x000002986b3bd000 JavaThread "jar transforms Thread 44" [_thread_blocked, id=8920, stack(0x000000db60300000,0x000000db60400000)]
  0x000002986b3bd800 JavaThread "jar transforms Thread 45" [_thread_blocked, id=2552, stack(0x000000db60400000,0x000000db60500000)]
  0x000002986b3bf000 JavaThread "jar transforms Thread 46" [_thread_blocked, id=8408, stack(0x000000db60500000,0x000000db60600000)]
  0x000002986b3c0000 JavaThread "jar transforms Thread 47" [_thread_blocked, id=7556, stack(0x000000db60600000,0x000000db60700000)]
  0x000002986b3be800 JavaThread "jar transforms Thread 48" [_thread_blocked, id=9712, stack(0x000000db60700000,0x000000db60800000)]
  0x000002986b3bb000 JavaThread "jar transforms Thread 49" [_thread_blocked, id=7196, stack(0x000000db60800000,0x000000db60900000)]
  0x000002986b3c1000 JavaThread "jar transforms Thread 50" [_thread_blocked, id=8772, stack(0x000000db60900000,0x000000db60a00000)]
  0x000002986b3bc000 JavaThread "jar transforms Thread 51" [_thread_blocked, id=9620, stack(0x000000db60a00000,0x000000db60b00000)]
  0x0000029869dff000 JavaThread "jar transforms Thread 52" [_thread_blocked, id=2844, stack(0x000000db60b00000,0x000000db60c00000)]
  0x0000029869dfd000 JavaThread "jar transforms Thread 53" [_thread_blocked, id=5644, stack(0x000000db60c00000,0x000000db60d00000)]
  0x0000029869dfb800 JavaThread "jar transforms Thread 54" [_thread_blocked, id=5988, stack(0x000000db60d00000,0x000000db60e00000)]
  0x0000029869dfc800 JavaThread "jar transforms Thread 55" [_thread_blocked, id=8828, stack(0x000000db60e00000,0x000000db60f00000)]
  0x0000029869dfe000 JavaThread "jar transforms Thread 56" [_thread_blocked, id=788, stack(0x000000db60f00000,0x000000db61000000)]
  0x0000029869dfa000 JavaThread "jar transforms Thread 57" [_thread_blocked, id=7580, stack(0x000000db61000000,0x000000db61100000)]
  0x0000029869df9000 JavaThread "jar transforms Thread 58" [_thread_blocked, id=5020, stack(0x000000db61100000,0x000000db61200000)]
  0x0000029869dff800 JavaThread "jar transforms Thread 59" [_thread_blocked, id=6244, stack(0x000000db61200000,0x000000db61300000)]
  0x0000029869e00800 JavaThread "jar transforms Thread 60" [_thread_blocked, id=8056, stack(0x000000db61300000,0x000000db61400000)]
  0x0000029869dfb000 JavaThread "jar transforms Thread 61" [_thread_blocked, id=6740, stack(0x000000db61400000,0x000000db61500000)]
  0x0000029869e06000 JavaThread "jar transforms Thread 62" [_thread_blocked, id=4232, stack(0x000000db61500000,0x000000db61600000)]
  0x0000029869e07000 JavaThread "jar transforms Thread 63" [_thread_blocked, id=2196, stack(0x000000db61600000,0x000000db61700000)]
  0x0000029869e01800 JavaThread "jar transforms Thread 64" [_thread_blocked, id=1120, stack(0x000000db61700000,0x000000db61800000)]
  0x0000029869e02000 JavaThread "jar transforms Thread 65" [_thread_blocked, id=1340, stack(0x000000db61800000,0x000000db61900000)]
  0x0000029869e03800 JavaThread "jar transforms Thread 66" [_thread_blocked, id=6360, stack(0x000000db61900000,0x000000db61a00000)]
  0x0000029869e08000 JavaThread "jar transforms Thread 67" [_thread_blocked, id=6284, stack(0x000000db61a00000,0x000000db61b00000)]
  0x0000029869e04800 JavaThread "jar transforms Thread 68" [_thread_blocked, id=2104, stack(0x000000db61b00000,0x000000db61c00000)]
  0x0000029869e05800 JavaThread "jar transforms Thread 69" [_thread_blocked, id=8880, stack(0x000000db61c00000,0x000000db61d00000)]
  0x0000029869e03000 JavaThread "jar transforms Thread 70" [_thread_blocked, id=10112, stack(0x000000db61d00000,0x000000db61e00000)]
  0x000002986b59c000 JavaThread "jar transforms Thread 71" [_thread_blocked, id=7616, stack(0x000000db61e00000,0x000000db61f00000)]
  0x000002986b59a000 JavaThread "jar transforms Thread 72" [_thread_blocked, id=8868, stack(0x000000db61f00000,0x000000db62000000)]
  0x000002986b596000 JavaThread "jar transforms Thread 73" [_thread_blocked, id=7144, stack(0x000000db62000000,0x000000db62100000)]
  0x000002986b59c800 JavaThread "jar transforms Thread 74" [_thread_blocked, id=1476, stack(0x000000db62100000,0x000000db62200000)]
  0x000002986b597000 JavaThread "jar transforms Thread 75" [_thread_blocked, id=7508, stack(0x000000db62200000,0x000000db62300000)]
  0x000002986b59b000 JavaThread "jar transforms Thread 76" [_thread_blocked, id=5944, stack(0x000000db62300000,0x000000db62400000)]
  0x000002986b598800 JavaThread "jar transforms Thread 77" [_thread_blocked, id=3132, stack(0x000000db62400000,0x000000db62500000)]
  0x000002986b59d800 JavaThread "jar transforms Thread 78" [_thread_blocked, id=9576, stack(0x000000db62500000,0x000000db62600000)]
  0x000002986b598000 JavaThread "jar transforms Thread 79" [_thread_blocked, id=560, stack(0x000000db62600000,0x000000db62700000)]
  0x000002986b59e800 JavaThread "jar transforms Thread 80" [_thread_blocked, id=1972, stack(0x000000db62700000,0x000000db62800000)]
  0x000002986b59f000 JavaThread "jar transforms Thread 81" [_thread_blocked, id=4436, stack(0x000000db62800000,0x000000db62900000)]
  0x000002986b599800 JavaThread "jar transforms Thread 82" [_thread_blocked, id=2456, stack(0x000000db62900000,0x000000db62a00000)]
  0x000002986b5a5000 JavaThread "jar transforms Thread 83" [_thread_blocked, id=8988, stack(0x000000db62a00000,0x000000db62b00000)]
  0x000002986b5a0000 JavaThread "jar transforms Thread 84" [_thread_blocked, id=6228, stack(0x000000db62b00000,0x000000db62c00000)]
  0x000002986b5a1800 JavaThread "jar transforms Thread 85" [_thread_blocked, id=5452, stack(0x000000db62c00000,0x000000db62d00000)]
  0x000002986b5a0800 JavaThread "jar transforms Thread 86" [_thread_blocked, id=9260, stack(0x000000db62d00000,0x000000db62e00000)]
  0x000002986b5a4000 JavaThread "jar transforms Thread 87" [_thread_blocked, id=8344, stack(0x000000db62e00000,0x000000db62f00000)]
  0x000002986b5a2800 JavaThread "jar transforms Thread 88" [_thread_blocked, id=6460, stack(0x000000db62f00000,0x000000db63000000)]
  0x000002986b5a3000 JavaThread "jar transforms Thread 89" [_thread_blocked, id=7248, stack(0x000000db63000000,0x000000db63100000)]
  0x0000029867ffd800 JavaThread "jar transforms Thread 90" [_thread_blocked, id=5160, stack(0x000000db63100000,0x000000db63200000)]
  0x0000029867ffe800 JavaThread "jar transforms Thread 91" [_thread_blocked, id=6260, stack(0x000000db63200000,0x000000db63300000)]
  0x0000029867fff800 JavaThread "jar transforms Thread 92" [_thread_blocked, id=3960, stack(0x000000db63300000,0x000000db63400000)]
  0x0000029868000000 JavaThread "jar transforms Thread 93" [_thread_blocked, id=8292, stack(0x000000db63400000,0x000000db63500000)]
  0x0000029868001000 JavaThread "jar transforms Thread 94" [_thread_blocked, id=7000, stack(0x000000db63500000,0x000000db63600000)]
  0x0000029868005000 JavaThread "jar transforms Thread 95" [_thread_blocked, id=8888, stack(0x000000db63600000,0x000000db63700000)]
  0x0000029868004000 JavaThread "jar transforms Thread 96" [_thread_blocked, id=6640, stack(0x000000db63700000,0x000000db63800000)]
  0x0000029868006000 JavaThread "jar transforms Thread 97" [_thread_blocked, id=4552, stack(0x000000db63800000,0x000000db63900000)]
  0x0000029868006800 JavaThread "jar transforms Thread 98" [_thread_blocked, id=4176, stack(0x000000db63900000,0x000000db63a00000)]
  0x0000029868002000 JavaThread "jar transforms Thread 99" [_thread_blocked, id=4264, stack(0x000000db63a00000,0x000000db63b00000)]
  0x0000029868003800 JavaThread "Memory manager" [_thread_blocked, id=4556, stack(0x000000db63b00000,0x000000db63c00000)]

Other Threads:
  0x000002986670a000 VMThread "VM Thread" [stack: 0x000000db5af00000,0x000000db5b000000] [id=708]
  0x0000029867204000 WatcherThread [stack: 0x000000db5b900000,0x000000db5ba00000] [id=2872]
  0x000002984c5b2800 GCTaskThread "GC Thread#0" [stack: 0x000000db5aa00000,0x000000db5ab00000] [id=9980]
  0x00000298674de000 GCTaskThread "GC Thread#1" [stack: 0x000000db5bb00000,0x000000db5bc00000] [id=7008]
=>0x0000029868560000 GCTaskThread "GC Thread#2" [stack: 0x000000db5c700000,0x000000db5c800000] [id=4124]
  0x000002986835c800 GCTaskThread "GC Thread#3" [stack: 0x000000db5c800000,0x000000db5c900000] [id=4776]
  0x000002984c5e3800 ConcurrentGCThread "G1 Main Marker" [stack: 0x000000db5ab00000,0x000000db5ac00000] [id=3984]
  0x000002984c5e6000 ConcurrentGCThread "G1 Conc#0" [stack: 0x000000db5ac00000,0x000000db5ad00000] [id=7064]
  0x000002984c656800 ConcurrentGCThread "G1 Refine#0" [stack: 0x000000db5ad00000,0x000000db5ae00000] [id=10076]
  0x000002984c657800 ConcurrentGCThread "G1 Young RemSet Sampling" [stack: 0x000000db5ae00000,0x000000db5af00000] [id=5072]

Threads with active compile tasks:
C2 CompilerThread0   9952 4937   !   4       com.google.common.reflect.TypeVisitor::visit (225 bytes)
C2 CompilerThread1   9952 5085   !   4       java.util.jar.Attributes::read (388 bytes)

VM state:at safepoint (normal execution)

VM Mutex/Monitor currently owned by a thread:  ([mutex/lock_event])
[0x000002984c5973e0] Threads_lock - owner thread: 0x000002986670a000
[0x000002984c597080] Heap_lock - owner thread: 0x000002986932a800

Heap address: 0x0000000080000000, size: 2048 MB, Compressed Oops mode: 32-bit
Narrow klass base: 0x0000000000000000, Narrow klass shift: 3
Compressed class space size: 1073741824 Address: 0x0000000100000000

Heap:
 garbage-first heap   total 143360K, used 104365K [0x0000000080000000, 0x0000000100000000)
  region size 1024K, 70 young (71680K), 6 survivors (6144K)
 Metaspace       used 58608K, capacity 59989K, committed 60160K, reserved 1101824K
  class space    used 7421K, capacity 7906K, committed 7936K, reserved 1048576K
Heap Regions: E=young(eden), S=young(survivor), O=old, HS=humongous(starts), HC=humongous(continues), CS=collection set, F=free, A=archive, TAMS=top-at-mark-start (previous, next)
|   0|0x0000000080000000, 0x0000000080100000, 0x0000000080100000|100%| O|  |TAMS 0x0000000080100000, 0x0000000080100000| Untracked 
|   1|0x0000000080100000, 0x0000000080200000, 0x0000000080200000|100%| O|  |TAMS 0x0000000080200000, 0x0000000080200000| Untracked 
|   2|0x0000000080200000, 0x0000000080300000, 0x0000000080300000|100%| O|  |TAMS 0x0000000080300000, 0x0000000080300000| Untracked 
|   3|0x0000000080300000, 0x0000000080400000, 0x0000000080400000|100%|HS|  |TAMS 0x0000000080400000, 0x0000000080400000| Complete 
|   4|0x0000000080400000, 0x0000000080500000, 0x0000000080500000|100%|HC|  |TAMS 0x0000000080500000, 0x0000000080500000| Complete 
|   5|0x0000000080500000, 0x0000000080600000, 0x0000000080600000|100%|HC|  |TAMS 0x0000000080600000, 0x0000000080600000| Complete 
|   6|0x0000000080600000, 0x0000000080700000, 0x0000000080700000|100%| O|  |TAMS 0x0000000080700000, 0x0000000080700000| Untracked 
|   7|0x0000000080700000, 0x0000000080800000, 0x0000000080800000|100%| O|  |TAMS 0x0000000080800000, 0x0000000080800000| Untracked 
|   8|0x0000000080800000, 0x0000000080900000, 0x0000000080900000|100%| O|  |TAMS 0x0000000080900000, 0x0000000080900000| Untracked 
|   9|0x0000000080900000, 0x0000000080a00000, 0x0000000080a00000|100%| O|  |TAMS 0x0000000080a00000, 0x0000000080a00000| Untracked 
|  10|0x0000000080a00000, 0x0000000080b00000, 0x0000000080b00000|100%| O|  |TAMS 0x0000000080b00000, 0x0000000080b00000| Untracked 
|  11|0x0000000080b00000, 0x0000000080c00000, 0x0000000080c00000|100%| O|  |TAMS 0x0000000080c00000, 0x0000000080c00000| Untracked 
|  12|0x0000000080c00000, 0x0000000080d00000, 0x0000000080d00000|100%| O|  |TAMS 0x0000000080d00000, 0x0000000080d00000| Untracked 
|  13|0x0000000080d00000, 0x0000000080e00000, 0x0000000080e00000|100%| O|  |TAMS 0x0000000080e00000, 0x0000000080e00000| Untracked 
|  14|0x0000000080e00000, 0x0000000080f00000, 0x0000000080f00000|100%| O|  |TAMS 0x0000000080f00000, 0x0000000080f00000| Untracked 
|  15|0x0000000080f00000, 0x0000000081000000, 0x0000000081000000|100%| O|  |TAMS 0x0000000080f4b800, 0x0000000081000000| Untracked 
|  16|0x0000000081000000, 0x0000000081100000, 0x0000000081100000|100%| O|  |TAMS 0x0000000081000000, 0x0000000081100000| Untracked 
|  17|0x0000000081100000, 0x0000000081200000, 0x0000000081200000|100%| O|  |TAMS 0x0000000081100000, 0x0000000081200000| Untracked 
|  18|0x0000000081200000, 0x0000000081300000, 0x0000000081300000|100%| O|  |TAMS 0x0000000081200000, 0x0000000081300000| Untracked 
|  19|0x0000000081300000, 0x0000000081400000, 0x0000000081400000|100%|HS|  |TAMS 0x0000000081300000, 0x0000000081400000| Complete 
|  20|0x0000000081400000, 0x0000000081500000, 0x0000000081500000|100%| O|  |TAMS 0x0000000081400000, 0x0000000081500000| Untracked 
|  21|0x0000000081500000, 0x0000000081600000, 0x0000000081600000|100%| O|  |TAMS 0x0000000081500000, 0x0000000081600000| Untracked 
|  22|0x0000000081600000, 0x0000000081700000, 0x0000000081700000|100%|HS|  |TAMS 0x0000000081600000, 0x0000000081700000| Complete 
|  23|0x0000000081700000, 0x0000000081800000, 0x0000000081800000|100%|HC|  |TAMS 0x0000000081700000, 0x0000000081800000| Complete 
|  24|0x0000000081800000, 0x0000000081900000, 0x0000000081900000|100%| O|  |TAMS 0x0000000081800000, 0x0000000081900000| Untracked 
|  25|0x0000000081900000, 0x0000000081a00000, 0x0000000081a00000|100%| O|  |TAMS 0x0000000081900000, 0x0000000081a00000| Untracked 
|  26|0x0000000081a00000, 0x0000000081b00000, 0x0000000081b00000|100%| O|  |TAMS 0x0000000081a00000, 0x0000000081b00000| Untracked 
|  27|0x0000000081b00000, 0x0000000081c00000, 0x0000000081c00000|100%| O|  |TAMS 0x0000000081b00000, 0x0000000081c00000| Untracked 
|  28|0x0000000081c00000, 0x0000000081d00000, 0x0000000081d00000|100%|HS|  |TAMS 0x0000000081c00000, 0x0000000081d00000| Complete 
|  29|0x0000000081d00000, 0x0000000081e00000, 0x0000000081e00000|100%| O|  |TAMS 0x0000000081d00000, 0x0000000081e00000| Untracked 
|  30|0x0000000081e00000, 0x0000000081f00000, 0x0000000081f00000|100%| O|  |TAMS 0x0000000081e00000, 0x0000000081f00000| Untracked 
|  31|0x0000000081f00000, 0x0000000082000000, 0x0000000082000000|100%| O|  |TAMS 0x0000000081f00000, 0x0000000082000000| Untracked 
|  32|0x0000000082000000, 0x0000000082100000, 0x0000000082100000|100%| O|  |TAMS 0x0000000082000000, 0x0000000082100000| Untracked 
|  33|0x0000000082100000, 0x0000000082200000, 0x0000000082200000|100%| O|  |TAMS 0x0000000082100000, 0x0000000082200000| Untracked 
|  34|0x0000000082200000, 0x0000000082300000, 0x0000000082300000|100%| O|  |TAMS 0x0000000082200000, 0x0000000082300000| Untracked 
|  35|0x0000000082300000, 0x0000000082400000, 0x0000000082400000|100%| O|  |TAMS 0x0000000082300000, 0x0000000082400000| Untracked 
|  36|0x0000000082400000, 0x0000000082500000, 0x0000000082500000|100%| O|  |TAMS 0x0000000082400000, 0x0000000082500000| Untracked 
|  37|0x0000000082500000, 0x0000000082600000, 0x0000000082600000|100%| O|  |TAMS 0x0000000082500000, 0x0000000082600000| Untracked 
|  38|0x0000000082600000, 0x00000000826f4860, 0x0000000082700000| 95%| O|  |TAMS 0x0000000082600000, 0x0000000082700000| Untracked 
|  39|0x0000000082700000, 0x0000000082700000, 0x0000000082800000|  0%| F|  |TAMS 0x0000000082700000, 0x0000000082700000| Untracked 
|  40|0x0000000082800000, 0x0000000082800000, 0x0000000082900000|  0%| F|  |TAMS 0x0000000082800000, 0x0000000082800000| Untracked 
|  41|0x0000000082900000, 0x0000000082900000, 0x0000000082a00000|  0%| F|  |TAMS 0x0000000082900000, 0x0000000082900000| Untracked 
|  42|0x0000000082a00000, 0x0000000082a00000, 0x0000000082b00000|  0%| F|  |TAMS 0x0000000082a00000, 0x0000000082a00000| Untracked 
|  43|0x0000000082b00000, 0x0000000082b00000, 0x0000000082c00000|  0%| F|  |TAMS 0x0000000082b00000, 0x0000000082b00000| Untracked 
|  44|0x0000000082c00000, 0x0000000082c00000, 0x0000000082d00000|  0%| F|  |TAMS 0x0000000082c00000, 0x0000000082c00000| Untracked 
|  45|0x0000000082d00000, 0x0000000082d00000, 0x0000000082e00000|  0%| F|  |TAMS 0x0000000082d00000, 0x0000000082d00000| Untracked 
|  46|0x0000000082e00000, 0x0000000082e00000, 0x0000000082f00000|  0%| F|  |TAMS 0x0000000082e00000, 0x0000000082e00000| Untracked 
|  47|0x0000000082f00000, 0x0000000082f00000, 0x0000000083000000|  0%| F|  |TAMS 0x0000000082f00000, 0x0000000082f00000| Untracked 
|  48|0x0000000083000000, 0x0000000083000000, 0x0000000083100000|  0%| F|  |TAMS 0x0000000083000000, 0x0000000083000000| Untracked 
|  49|0x0000000083100000, 0x0000000083100000, 0x0000000083200000|  0%| F|  |TAMS 0x0000000083100000, 0x0000000083100000| Untracked 
|  50|0x0000000083200000, 0x0000000083200000, 0x0000000083300000|  0%| F|  |TAMS 0x0000000083200000, 0x0000000083200000| Untracked 
|  51|0x0000000083300000, 0x0000000083300000, 0x0000000083400000|  0%| F|  |TAMS 0x0000000083300000, 0x0000000083300000| Untracked 
|  52|0x0000000083400000, 0x0000000083400000, 0x0000000083500000|  0%| F|  |TAMS 0x0000000083400000, 0x0000000083400000| Untracked 
|  53|0x0000000083500000, 0x0000000083500000, 0x0000000083600000|  0%| F|  |TAMS 0x0000000083500000, 0x0000000083500000| Untracked 
|  54|0x0000000083600000, 0x0000000083600000, 0x0000000083700000|  0%| F|  |TAMS 0x0000000083600000, 0x0000000083600000| Untracked 
|  55|0x0000000083700000, 0x0000000083700000, 0x0000000083800000|  0%| F|  |TAMS 0x0000000083700000, 0x0000000083700000| Untracked 
|  56|0x0000000083800000, 0x0000000083800000, 0x0000000083900000|  0%| F|  |TAMS 0x0000000083800000, 0x0000000083800000| Untracked 
|  57|0x0000000083900000, 0x0000000083900000, 0x0000000083a00000|  0%| F|  |TAMS 0x0000000083900000, 0x0000000083900000| Untracked 
|  58|0x0000000083a00000, 0x0000000083a00000, 0x0000000083b00000|  0%| F|  |TAMS 0x0000000083a00000, 0x0000000083a00000| Untracked 
|  59|0x0000000083b00000, 0x0000000083b00000, 0x0000000083c00000|  0%| F|  |TAMS 0x0000000083b00000, 0x0000000083b00000| Untracked 
|  60|0x0000000083c00000, 0x0000000083cf6828, 0x0000000083d00000| 96%| S|  |TAMS 0x0000000083c00000, 0x0000000083c00000| Complete 
|  61|0x0000000083d00000, 0x0000000083e00000, 0x0000000083e00000|100%| S|  |TAMS 0x0000000083d00000, 0x0000000083d00000| Complete 
|  62|0x0000000083e00000, 0x0000000083f00000, 0x0000000083f00000|100%| S|  |TAMS 0x0000000083e00000, 0x0000000083e00000| Complete 
|  63|0x0000000083f00000, 0x0000000084000000, 0x0000000084000000|100%| S|  |TAMS 0x0000000083f00000, 0x0000000083f00000| Complete 
|  64|0x0000000084000000, 0x0000000084100000, 0x0000000084100000|100%| E|CS|TAMS 0x0000000084000000, 0x0000000084100000| Complete 
|  65|0x0000000084100000, 0x0000000084200000, 0x0000000084200000|100%| E|CS|TAMS 0x0000000084100000, 0x0000000084200000| Complete 
|  66|0x0000000084200000, 0x0000000084300000, 0x0000000084300000|100%| E|CS|TAMS 0x0000000084200000, 0x0000000084300000| Complete 
|  67|0x0000000084300000, 0x0000000084400000, 0x0000000084400000|100%| E|CS|TAMS 0x0000000084300000, 0x0000000084400000| Complete 
|  68|0x0000000084400000, 0x0000000084500000, 0x0000000084500000|100%| E|CS|TAMS 0x0000000084400000, 0x0000000084500000| Complete 
|  69|0x0000000084500000, 0x0000000084600000, 0x0000000084600000|100%| E|CS|TAMS 0x0000000084500000, 0x0000000084600000| Complete 
|  70|0x0000000084600000, 0x0000000084700000, 0x0000000084700000|100%| E|CS|TAMS 0x0000000084600000, 0x0000000084700000| Complete 
|  71|0x0000000084700000, 0x0000000084800000, 0x0000000084800000|100%| E|CS|TAMS 0x0000000084700000, 0x0000000084800000| Complete 
|  72|0x0000000084800000, 0x0000000084900000, 0x0000000084900000|100%| E|CS|TAMS 0x0000000084800000, 0x0000000084900000| Complete 
|  73|0x0000000084900000, 0x0000000084a00000, 0x0000000084a00000|100%| E|CS|TAMS 0x0000000084900000, 0x0000000084a00000| Complete 
|  74|0x0000000084a00000, 0x0000000084b00000, 0x0000000084b00000|100%| S|  |TAMS 0x0000000084a00000, 0x0000000084a00000| Complete 
|  75|0x0000000084b00000, 0x0000000084c00000, 0x0000000084c00000|100%| S|  |TAMS 0x0000000084b00000, 0x0000000084b00000| Complete 
|  76|0x0000000084c00000, 0x0000000084c80800, 0x0000000084d00000| 50%| E|CS|TAMS 0x0000000084c00000, 0x0000000084c80800| Complete 
|  77|0x0000000084d00000, 0x0000000084e00000, 0x0000000084e00000|100%| E|CS|TAMS 0x0000000084d00000, 0x0000000084e00000| Complete 
|  78|0x0000000084e00000, 0x0000000084f00000, 0x0000000084f00000|100%| E|CS|TAMS 0x0000000084e00000, 0x0000000084f00000| Complete 
|  79|0x0000000084f00000, 0x0000000085000000, 0x0000000085000000|100%| E|CS|TAMS 0x0000000084f00000, 0x0000000085000000| Complete 
|  80|0x0000000085000000, 0x0000000085100000, 0x0000000085100000|100%| E|CS|TAMS 0x0000000085000000, 0x0000000085100000| Complete 
|  81|0x0000000085100000, 0x0000000085200000, 0x0000000085200000|100%| E|CS|TAMS 0x0000000085100000, 0x0000000085200000| Complete 
|  82|0x0000000085200000, 0x0000000085300000, 0x0000000085300000|100%| E|CS|TAMS 0x0000000085200000, 0x0000000085300000| Complete 
|  83|0x0000000085300000, 0x0000000085400000, 0x0000000085400000|100%| E|CS|TAMS 0x0000000085300000, 0x0000000085400000| Complete 
|  84|0x0000000085400000, 0x0000000085500000, 0x0000000085500000|100%| E|CS|TAMS 0x0000000085400000, 0x0000000085500000| Complete 
|  85|0x0000000085500000, 0x0000000085600000, 0x0000000085600000|100%| E|CS|TAMS 0x0000000085500000, 0x0000000085600000| Complete 
|  86|0x0000000085600000, 0x0000000085700000, 0x0000000085700000|100%| E|CS|TAMS 0x0000000085600000, 0x0000000085700000| Complete 
|  87|0x0000000085700000, 0x0000000085800000, 0x0000000085800000|100%| E|CS|TAMS 0x0000000085700000, 0x0000000085800000| Complete 
|  88|0x0000000085800000, 0x0000000085900000, 0x0000000085900000|100%| E|CS|TAMS 0x0000000085800000, 0x0000000085900000| Complete 
|  89|0x0000000085900000, 0x0000000085a00000, 0x0000000085a00000|100%| E|CS|TAMS 0x0000000085900000, 0x0000000085a00000| Complete 
|  90|0x0000000085a00000, 0x0000000085b00000, 0x0000000085b00000|100%| E|CS|TAMS 0x0000000085a00000, 0x0000000085b00000| Complete 
|  91|0x0000000085b00000, 0x0000000085c00000, 0x0000000085c00000|100%| E|CS|TAMS 0x0000000085b00000, 0x0000000085c00000| Complete 
|  92|0x0000000085c00000, 0x0000000085d00000, 0x0000000085d00000|100%| E|CS|TAMS 0x0000000085c00000, 0x0000000085d00000| Complete 
|  93|0x0000000085d00000, 0x0000000085e00000, 0x0000000085e00000|100%| E|CS|TAMS 0x0000000085d00000, 0x0000000085e00000| Complete 
|  94|0x0000000085e00000, 0x0000000085f00000, 0x0000000085f00000|100%| E|CS|TAMS 0x0000000085e00000, 0x0000000085f00000| Complete 
|  95|0x0000000085f00000, 0x0000000086000000, 0x0000000086000000|100%| E|CS|TAMS 0x0000000085f00000, 0x0000000086000000| Complete 
|  96|0x0000000086000000, 0x0000000086100000, 0x0000000086100000|100%| E|CS|TAMS 0x0000000086000000, 0x0000000086100000| Complete 
|  97|0x0000000086100000, 0x0000000086200000, 0x0000000086200000|100%| E|CS|TAMS 0x0000000086100000, 0x0000000086200000| Complete 
|  98|0x0000000086200000, 0x0000000086300000, 0x0000000086300000|100%| E|CS|TAMS 0x0000000086200000, 0x0000000086300000| Complete 
|  99|0x0000000086300000, 0x0000000086400000, 0x0000000086400000|100%| E|CS|TAMS 0x0000000086300000, 0x0000000086400000| Complete 
| 100|0x0000000086400000, 0x0000000086500000, 0x0000000086500000|100%| E|CS|TAMS 0x0000000086400000, 0x0000000086500000| Complete 
| 101|0x0000000086500000, 0x0000000086600000, 0x0000000086600000|100%| E|CS|TAMS 0x0000000086500000, 0x0000000086600000| Complete 
| 102|0x0000000086600000, 0x0000000086700000, 0x0000000086700000|100%| E|CS|TAMS 0x0000000086600000, 0x0000000086700000| Complete 
| 103|0x0000000086700000, 0x0000000086800000, 0x0000000086800000|100%| E|CS|TAMS 0x0000000086700000, 0x0000000086800000| Complete 
| 104|0x0000000086800000, 0x0000000086900000, 0x0000000086900000|100%| E|CS|TAMS 0x0000000086800000, 0x0000000086900000| Complete 
| 105|0x0000000086900000, 0x0000000086a00000, 0x0000000086a00000|100%| E|CS|TAMS 0x0000000086900000, 0x0000000086a00000| Complete 
| 106|0x0000000086a00000, 0x0000000086b00000, 0x0000000086b00000|100%| E|CS|TAMS 0x0000000086a00000, 0x0000000086b00000| Complete 
| 107|0x0000000086b00000, 0x0000000086c00000, 0x0000000086c00000|100%| E|CS|TAMS 0x0000000086b00000, 0x0000000086c00000| Complete 
| 108|0x0000000086c00000, 0x0000000086d00000, 0x0000000086d00000|100%| E|CS|TAMS 0x0000000086c00000, 0x0000000086d00000| Complete 
| 109|0x0000000086d00000, 0x0000000086e00000, 0x0000000086e00000|100%| E|CS|TAMS 0x0000000086d00000, 0x0000000086e00000| Complete 
| 110|0x0000000086e00000, 0x0000000086f00000, 0x0000000086f00000|100%| E|CS|TAMS 0x0000000086e00000, 0x0000000086f00000| Complete 
| 111|0x0000000086f00000, 0x0000000087000000, 0x0000000087000000|100%| E|CS|TAMS 0x0000000086f00000, 0x0000000087000000| Complete 
| 112|0x0000000087000000, 0x0000000087100000, 0x0000000087100000|100%| E|CS|TAMS 0x0000000087000000, 0x0000000087100000| Complete 
| 113|0x0000000087100000, 0x0000000087200000, 0x0000000087200000|100%| E|CS|TAMS 0x0000000087100000, 0x0000000087200000| Complete 
| 114|0x0000000087200000, 0x0000000087300000, 0x0000000087300000|100%| E|CS|TAMS 0x0000000087200000, 0x0000000087300000| Complete 
| 115|0x0000000087300000, 0x0000000087400000, 0x0000000087400000|100%| E|CS|TAMS 0x0000000087300000, 0x0000000087400000| Complete 
| 116|0x0000000087400000, 0x0000000087500000, 0x0000000087500000|100%| E|CS|TAMS 0x0000000087400000, 0x0000000087500000| Complete 
| 117|0x0000000087500000, 0x0000000087600000, 0x0000000087600000|100%| E|CS|TAMS 0x0000000087500000, 0x0000000087600000| Complete 
| 118|0x0000000087600000, 0x0000000087700000, 0x0000000087700000|100%| E|CS|TAMS 0x0000000087600000, 0x0000000087700000| Complete 
| 119|0x0000000087700000, 0x0000000087800000, 0x0000000087800000|100%| E|CS|TAMS 0x0000000087700000, 0x0000000087800000| Complete 
| 120|0x0000000087800000, 0x0000000087900000, 0x0000000087900000|100%| E|CS|TAMS 0x0000000087800000, 0x0000000087900000| Complete 
| 121|0x0000000087900000, 0x0000000087a00000, 0x0000000087a00000|100%| E|CS|TAMS 0x0000000087900000, 0x0000000087a00000| Complete 
| 122|0x0000000087a00000, 0x0000000087b00000, 0x0000000087b00000|100%| E|CS|TAMS 0x0000000087a00000, 0x0000000087b00000| Complete 
| 123|0x0000000087b00000, 0x0000000087c00000, 0x0000000087c00000|100%| E|CS|TAMS 0x0000000087b00000, 0x0000000087c00000| Complete 
| 124|0x0000000087c00000, 0x0000000087d00000, 0x0000000087d00000|100%| E|CS|TAMS 0x0000000087c00000, 0x0000000087d00000| Complete 
| 125|0x0000000087d00000, 0x0000000087e00000, 0x0000000087e00000|100%| E|CS|TAMS 0x0000000087d00000, 0x0000000087e00000| Complete 
| 126|0x0000000087e00000, 0x0000000087f00000, 0x0000000087f00000|100%| E|CS|TAMS 0x0000000087e00000, 0x0000000087f00000| Complete 
| 127|0x0000000087f00000, 0x0000000088000000, 0x0000000088000000|100%| E|CS|TAMS 0x0000000087f00000, 0x0000000088000000| Complete 
| 128|0x0000000088000000, 0x0000000088100000, 0x0000000088100000|100%| E|CS|TAMS 0x0000000088000000, 0x0000000088100000| Complete 
| 129|0x0000000088100000, 0x0000000088200000, 0x0000000088200000|100%| E|CS|TAMS 0x0000000088100000, 0x0000000088200000| Complete 
| 130|0x0000000088200000, 0x0000000088300000, 0x0000000088300000|100%| E|CS|TAMS 0x0000000088200000, 0x0000000088300000| Complete 
| 131|0x0000000088300000, 0x0000000088400000, 0x0000000088400000|100%| E|CS|TAMS 0x0000000088300000, 0x0000000088400000| Complete 
| 132|0x0000000088400000, 0x0000000088500000, 0x0000000088500000|100%| E|CS|TAMS 0x0000000088400000, 0x0000000088500000| Complete 
| 133|0x0000000088500000, 0x0000000088600000, 0x0000000088600000|100%| E|CS|TAMS 0x0000000088500000, 0x0000000088600000| Complete 
| 134|0x0000000088600000, 0x0000000088700000, 0x0000000088700000|100%| E|CS|TAMS 0x0000000088600000, 0x0000000088700000| Complete 
| 135|0x0000000088700000, 0x0000000088800000, 0x0000000088800000|100%| E|CS|TAMS 0x0000000088700000, 0x0000000088800000| Complete 
| 136|0x0000000088800000, 0x0000000088900000, 0x0000000088900000|100%| E|CS|TAMS 0x0000000088800000, 0x0000000088900000| Complete 
| 137|0x0000000088900000, 0x0000000088a00000, 0x0000000088a00000|100%| E|CS|TAMS 0x0000000088900000, 0x0000000088a00000| Complete 
| 138|0x0000000088a00000, 0x0000000088b00000, 0x0000000088b00000|100%| E|CS|TAMS 0x0000000088a00000, 0x0000000088b00000| Complete 
| 139|0x0000000088b00000, 0x0000000088c00000, 0x0000000088c00000|100%| E|CS|TAMS 0x0000000088b00000, 0x0000000088c00000| Complete 

Card table byte_map: [0x000002985f940000,0x000002985fd40000] _byte_map_base: 0x000002985f540000

Marking Bits (Prev, Next): (CMBitMap*) 0x000002984c5daa98, (CMBitMap*) 0x000002984c5daad0
 Prev Bits: [0x0000029860140000, 0x0000029862140000)
 Next Bits: [0x0000029862140000, 0x0000029864140000)

Polling page: 0x000002984ad50000

Metaspace:

Usage:
  Non-class:     50.86 MB capacity,    49.99 MB ( 98%) used,   763.77 KB (  1%) free+waste,   132.75 KB ( <1%) overhead. 
      Class:      7.72 MB capacity,     7.25 MB ( 94%) used,   421.83 KB (  5%) free+waste,    62.63 KB ( <1%) overhead. 
       Both:     58.58 MB capacity,    57.23 MB ( 98%) used,     1.16 MB (  2%) free+waste,   195.38 KB ( <1%) overhead. 

Virtual space:
  Non-class space:       52.00 MB reserved,      51.00 MB ( 98%) committed 
      Class space:        1.00 GB reserved,       7.75 MB ( <1%) committed 
             Both:        1.05 GB reserved,      58.75 MB (  5%) committed 

Chunk freelists:
   Non-Class:  13.00 KB
       Class:  30.00 KB
        Both:  43.00 KB

MaxMetaspaceSize: 17179869184.00 GB
CompressedClassSpaceSize: 1.00 GB

CodeHeap 'non-profiled nmethods': size=120064Kb used=2598Kb max_used=2598Kb free=117465Kb
 bounds [0x00000298579e0000, 0x0000029857c70000, 0x000002985ef20000]
CodeHeap 'profiled nmethods': size=120000Kb used=10555Kb max_used=10555Kb free=109444Kb
 bounds [0x00000298504b0000, 0x0000029850f10000, 0x00000298579e0000]
CodeHeap 'non-nmethods': size=5696Kb used=2230Kb max_used=2297Kb free=3465Kb
 bounds [0x000002984ff20000, 0x0000029850190000, 0x00000298504b0000]
 total_blobs=5867 nmethods=5056 adapters=722
 compilation: enabled
              stopped_count=0, restarted_count=0
 full_count=0

Compilation events (20 events):
Event: 9.835 Thread 0x0000029866738800 5306       2       kotlin.collections.ArraysKt___ArraysJvmKt::asList (17 bytes)
Event: 9.836 Thread 0x0000029866738800 nmethod 5306 0x0000029850eff490 code [0x0000029850eff660, 0x0000029850eff928]
Event: 9.836 Thread 0x0000029866738800 5307       2       kotlin.collections.ArraysUtilJVM::asList (5 bytes)
Event: 9.836 Thread 0x0000029866738800 nmethod 5307 0x0000029850effa90 code [0x0000029850effc60, 0x0000029850effea8]
Event: 9.836 Thread 0x0000029866738800 5308       2       java.util.Arrays$ArrayList::get (7 bytes)
Event: 9.836 Thread 0x0000029866738800 nmethod 5308 0x0000029850f00010 code [0x0000029850f001c0, 0x0000029850f002d8]
Event: 9.836 Thread 0x0000029866738800 5309       2       kotlin.text.StringsKt__StringsJVMKt::replace$default (17 bytes)
Event: 9.836 Thread 0x0000029866738800 nmethod 5309 0x0000029850f00390 code [0x0000029850f00540, 0x0000029850f00648]
Event: 9.836 Thread 0x0000029866738800 5310       2       kotlin.text.StringsKt__StringsJVMKt::replace (65 bytes)
Event: 9.837 Thread 0x0000029866738800 nmethod 5310 0x0000029850f00710 code [0x0000029850f00900, 0x0000029850f00c88]
Event: 9.837 Thread 0x0000029866738800 5311       2       kotlin.text.StringsKt__StringsKt::splitToSequence$default (26 bytes)
Event: 9.837 Thread 0x0000029866738800 nmethod 5311 0x0000029850f00e90 code [0x0000029850f01040, 0x0000029850f01148]
Event: 9.840 Thread 0x0000029866738800 5312       2       java.util.regex.Pattern$Dollar::<init> (10 bytes)
Event: 9.840 Thread 0x0000029866738800 nmethod 5312 0x0000029850f01210 code [0x0000029850f013c0, 0x0000029850f01518]
Event: 9.844 Thread 0x0000029866738800 5314       1       com.android.tools.build.jetifier.core.pom.PomDependency::getGroupId (5 bytes)
Event: 9.844 Thread 0x0000029866738800 nmethod 5314 0x0000029857c69410 code [0x0000029857c695c0, 0x0000029857c69678]
Event: 9.844 Thread 0x0000029866738800 5315       1       com.android.tools.build.jetifier.core.pom.PomDependency::getArtifactId (5 bytes)
Event: 9.844 Thread 0x0000029866738800 nmethod 5315 0x0000029857c69710 code [0x0000029857c698c0, 0x0000029857c69978]
Event: 9.844 Thread 0x0000029866738800 5316       1       com.android.tools.build.jetifier.core.pom.PomDependency::getVersion (5 bytes)
Event: 9.844 Thread 0x0000029866738800 nmethod 5316 0x0000029857c69a10 code [0x0000029857c69bc0, 0x0000029857c69c78]

GC Heap History (20 events):
Event: 0.723 GC heap after
{Heap after GC invocations=1 (full 0):
 garbage-first heap   total 98304K, used 7816K [0x0000000080000000, 0x0000000100000000)
  region size 1024K, 2 young (2048K), 2 survivors (2048K)
 Metaspace       used 7427K, capacity 7615K, committed 7680K, reserved 1056768K
  class space    used 682K, capacity 748K, committed 768K, reserved 1048576K
}
Event: 1.125 GC heap before
{Heap before GC invocations=1 (full 0):
 garbage-first heap   total 98304K, used 20104K [0x0000000080000000, 0x0000000100000000)
  region size 1024K, 14 young (14336K), 2 survivors (2048K)
 Metaspace       used 10474K, capacity 10645K, committed 11008K, reserved 1058816K
  class space    used 1100K, capacity 1164K, committed 1280K, reserved 1048576K
}
Event: 1.130 GC heap after
{Heap after GC invocations=2 (full 0):
 garbage-first heap   total 98304K, used 8573K [0x0000000080000000, 0x0000000100000000)
  region size 1024K, 1 young (1024K), 1 survivors (1024K)
 Metaspace       used 10474K, capacity 10645K, committed 11008K, reserved 1058816K
  class space    used 1100K, capacity 1164K, committed 1280K, reserved 1048576K
}
Event: 1.559 GC heap before
{Heap before GC invocations=2 (full 0):
 garbage-first heap   total 98304K, used 39293K [0x0000000080000000, 0x0000000100000000)
  region size 1024K, 32 young (32768K), 1 survivors (1024K)
 Metaspace       used 10701K, capacity 10947K, committed 11264K, reserved 1058816K
  class space    used 1114K, capacity 1202K, committed 1280K, reserved 1048576K
}
Event: 1.565 GC heap after
{Heap after GC invocations=3 (full 0):
 garbage-first heap   total 98304K, used 13102K [0x0000000080000000, 0x0000000100000000)
  region size 1024K, 4 young (4096K), 4 survivors (4096K)
 Metaspace       used 10701K, capacity 10947K, committed 11264K, reserved 1058816K
  class space    used 1114K, capacity 1202K, committed 1280K, reserved 1048576K
}
Event: 2.941 GC heap before
{Heap before GC invocations=3 (full 0):
 garbage-first heap   total 98304K, used 53038K [0x0000000080000000, 0x0000000100000000)
  region size 1024K, 43 young (44032K), 4 survivors (4096K)
 Metaspace       used 18871K, capacity 19340K, committed 19456K, reserved 1067008K
  class space    used 2283K, capacity 2456K, committed 2560K, reserved 1048576K
}
Event: 2.949 GC heap after
{Heap after GC invocations=4 (full 0):
 garbage-first heap   total 98304K, used 15873K [0x0000000080000000, 0x0000000100000000)
  region size 1024K, 3 young (3072K), 3 survivors (3072K)
 Metaspace       used 18871K, capacity 19340K, committed 19456K, reserved 1067008K
  class space    used 2283K, capacity 2456K, committed 2560K, reserved 1048576K
}
Event: 3.143 GC heap before
{Heap before GC invocations=4 (full 0):
 garbage-first heap   total 98304K, used 27137K [0x0000000080000000, 0x0000000100000000)
  region size 1024K, 16 young (16384K), 3 survivors (3072K)
 Metaspace       used 20630K, capacity 21109K, committed 21248K, reserved 1067008K
  class space    used 2532K, capacity 2710K, committed 2816K, reserved 1048576K
}
Event: 3.149 GC heap after
{Heap after GC invocations=5 (full 0):
 garbage-first heap   total 118784K, used 16432K [0x0000000080000000, 0x0000000100000000)
  region size 1024K, 4 young (4096K), 4 survivors (4096K)
 Metaspace       used 20630K, capacity 21109K, committed 21248K, reserved 1067008K
  class space    used 2532K, capacity 2710K, committed 2816K, reserved 1048576K
}
Event: 3.915 GC heap before
{Heap before GC invocations=6 (full 0):
 garbage-first heap   total 118784K, used 61488K [0x0000000080000000, 0x0000000100000000)
  region size 1024K, 48 young (49152K), 4 survivors (4096K)
 Metaspace       used 25736K, capacity 26323K, committed 26496K, reserved 1073152K
  class space    used 3358K, capacity 3600K, committed 3712K, reserved 1048576K
}
Event: 3.924 GC heap after
{Heap after GC invocations=7 (full 0):
 garbage-first heap   total 118784K, used 18149K [0x0000000080000000, 0x0000000100000000)
  region size 1024K, 3 young (3072K), 3 survivors (3072K)
 Metaspace       used 25736K, capacity 26323K, committed 26496K, reserved 1073152K
  class space    used 3358K, capacity 3600K, committed 3712K, reserved 1048576K
}
Event: 5.031 GC heap before
{Heap before GC invocations=7 (full 0):
 garbage-first heap   total 118784K, used 70373K [0x0000000080000000, 0x0000000100000000)
  region size 1024K, 56 young (57344K), 3 survivors (3072K)
 Metaspace       used 35090K, capacity 35741K, committed 35840K, reserved 1081344K
  class space    used 4565K, capacity 4824K, committed 4864K, reserved 1048576K
}
Event: 5.043 GC heap after
{Heap after GC invocations=8 (full 0):
 garbage-first heap   total 118784K, used 21266K [0x0000000080000000, 0x0000000100000000)
  region size 1024K, 6 young (6144K), 6 survivors (6144K)
 Metaspace       used 35090K, capacity 35741K, committed 35840K, reserved 1081344K
  class space    used 4565K, capacity 4824K, committed 4864K, reserved 1048576K
}
Event: 6.031 GC heap before
{Heap before GC invocations=9 (full 0):
 garbage-first heap   total 118784K, used 80658K [0x0000000080000000, 0x0000000100000000)
  region size 1024K, 61 young (62464K), 6 survivors (6144K)
 Metaspace       used 40611K, capacity 41502K, committed 41600K, reserved 1085440K
  class space    used 5190K, capacity 5501K, committed 5504K, reserved 1048576K
}
Event: 6.050 GC heap after
{Heap after GC invocations=10 (full 0):
 garbage-first heap   total 118784K, used 24750K [0x0000000080000000, 0x0000000100000000)
  region size 1024K, 7 young (7168K), 7 survivors (7168K)
 Metaspace       used 40611K, capacity 41502K, committed 41600K, reserved 1085440K
  class space    used 5190K, capacity 5501K, committed 5504K, reserved 1048576K
}
Event: 7.120 GC heap before
{Heap before GC invocations=10 (full 0):
 garbage-first heap   total 118784K, used 80046K [0x0000000080000000, 0x0000000100000000)
  region size 1024K, 62 young (63488K), 7 survivors (7168K)
 Metaspace       used 44140K, capacity 45126K, committed 45184K, reserved 1089536K
  class space    used 5655K, capacity 6009K, committed 6016K, reserved 1048576K
}
Event: 7.135 GC heap after
{Heap after GC invocations=11 (full 0):
 garbage-first heap   total 143360K, used 27666K [0x0000000080000000, 0x0000000100000000)
  region size 1024K, 7 young (7168K), 7 survivors (7168K)
 Metaspace       used 44140K, capacity 45126K, committed 45184K, reserved 1089536K
  class space    used 5655K, capacity 6009K, committed 6016K, reserved 1048576K
}
Event: 8.446 GC heap before
{Heap before GC invocations=11 (full 0):
 garbage-first heap   total 143360K, used 97298K [0x0000000080000000, 0x0000000100000000)
  region size 1024K, 73 young (74752K), 7 survivors (7168K)
 Metaspace       used 50469K, capacity 51624K, committed 51968K, reserved 1093632K
  class space    used 6423K, capacity 6821K, committed 6912K, reserved 1048576K
}
Event: 8.461 GC heap after
{Heap after GC invocations=12 (full 0):
 garbage-first heap   total 143360K, used 38315K [0x0000000080000000, 0x0000000100000000)
  region size 1024K, 10 young (10240K), 10 survivors (10240K)
 Metaspace       used 50469K, capacity 51624K, committed 51968K, reserved 1093632K
  class space    used 6423K, capacity 6821K, committed 6912K, reserved 1048576K
}
Event: 9.845 GC heap before
{Heap before GC invocations=12 (full 0):
 garbage-first heap   total 143360K, used 102827K [0x0000000080000000, 0x0000000100000000)
  region size 1024K, 74 young (75776K), 10 survivors (10240K)
 Metaspace       used 58608K, capacity 59989K, committed 60160K, reserved 1101824K
  class space    used 7421K, capacity 7906K, committed 7936K, reserved 1048576K
}

Deoptimization events (20 events):
Event: 9.741 Thread 0x000002986932a800 DEOPT PACKING pc=0x0000029850734b17 sp=0x000000db5c3f6ba0
Event: 9.741 Thread 0x000002986932a800 DEOPT UNPACKING pc=0x000002984ff4724e sp=0x000000db5c3f6128 mode 0
Event: 9.741 Thread 0x000002986932a800 DEOPT PACKING pc=0x0000029850734b17 sp=0x000000db5c3f6ba0
Event: 9.741 Thread 0x000002986932a800 DEOPT UNPACKING pc=0x000002984ff4724e sp=0x000000db5c3f6128 mode 0
Event: 9.741 Thread 0x000002986932a800 DEOPT PACKING pc=0x0000029850734b17 sp=0x000000db5c3f6ba0
Event: 9.741 Thread 0x000002986932a800 DEOPT UNPACKING pc=0x000002984ff4724e sp=0x000000db5c3f6128 mode 0
Event: 9.741 Thread 0x000002986932a800 DEOPT PACKING pc=0x0000029850734b17 sp=0x000000db5c3f6ba0
Event: 9.741 Thread 0x000002986932a800 DEOPT UNPACKING pc=0x000002984ff4724e sp=0x000000db5c3f6128 mode 0
Event: 9.741 Thread 0x000002986932a800 DEOPT PACKING pc=0x0000029850734b17 sp=0x000000db5c3f6ba0
Event: 9.741 Thread 0x000002986932a800 DEOPT UNPACKING pc=0x000002984ff4724e sp=0x000000db5c3f6128 mode 0
Event: 9.741 Thread 0x000002986932a800 DEOPT PACKING pc=0x0000029850734b17 sp=0x000000db5c3f6ba0
Event: 9.741 Thread 0x000002986932a800 DEOPT UNPACKING pc=0x000002984ff4724e sp=0x000000db5c3f6128 mode 0
Event: 9.742 Thread 0x000002986932a800 DEOPT PACKING pc=0x0000029850734b17 sp=0x000000db5c3f6bb0
Event: 9.742 Thread 0x000002986932a800 DEOPT UNPACKING pc=0x000002984ff4724e sp=0x000000db5c3f6138 mode 0
Event: 9.742 Thread 0x000002986932a800 DEOPT PACKING pc=0x0000029850734b17 sp=0x000000db5c3f6bb0
Event: 9.742 Thread 0x000002986932a800 DEOPT UNPACKING pc=0x000002984ff4724e sp=0x000000db5c3f6138 mode 0
Event: 9.742 Thread 0x000002986932a800 DEOPT PACKING pc=0x0000029850734b17 sp=0x000000db5c3f6bb0
Event: 9.742 Thread 0x000002986932a800 DEOPT UNPACKING pc=0x000002984ff4724e sp=0x000000db5c3f6138 mode 0
Event: 9.784 Thread 0x000002986932a800 DEOPT PACKING pc=0x0000029850ee38e0 sp=0x000000db5c3f6a00
Event: 9.784 Thread 0x000002986932a800 DEOPT UNPACKING pc=0x000002984ff4724e sp=0x000000db5c3f5f58 mode 0

Classes redefined (0 events):
No events

Internal exceptions (20 events):
Event: 7.701 Thread 0x0000029869153000 Exception <a 'java/lang/NoSuchMethodError'{0x00000000871d4498}: <clinit>> (0x00000000871d4498) thrown at [./src/hotspot/share/prims/jni.cpp, line 1362]
Event: 7.703 Thread 0x0000029869153000 Exception <a 'java/lang/NoSuchMethodError'{0x00000000871e7f30}: <clinit>> (0x00000000871e7f30) thrown at [./src/hotspot/share/prims/jni.cpp, line 1362]
Event: 7.717 Thread 0x000002986932a800 Exception <a 'java/lang/ClassNotFoundException'{0x000000008706a268}: build_9mdre5q549hw7qvf691vaa3n9BeanInfo> (0x000000008706a268) thrown at [./src/hotspot/share/classfile/systemDictionary.cpp, line 231]
Event: 7.717 Thread 0x000002986932a800 Exception <a 'java/lang/ClassNotFoundException'{0x0000000087073070}: build_9mdre5q549hw7qvf691vaa3n9Customizer> (0x0000000087073070) thrown at [./src/hotspot/share/classfile/systemDictionary.cpp, line 231]
Event: 7.733 Thread 0x000002986932a800 Exception <a 'java/lang/ClassNotFoundException'{0x00000000870f39b8}: org/gradle/plugin/use/internal/PluginRequestCollector$PluginDependenciesSpecImplBeanInfo> (0x00000000870f39b8) thrown at [./src/hotspot/share/classfile/systemDictionary.cpp, line 231]
Event: 7.734 Thread 0x000002986932a800 Exception <a 'java/lang/ClassNotFoundException'{0x0000000086f19c00}: org/gradle/plugin/use/internal/PluginRequestCollector$PluginDependenciesSpecImplCustomizer> (0x0000000086f19c00) thrown at [./src/hotspot/share/classfile/systemDictionary.cpp, line 231]
Event: 7.744 Thread 0x000002986932a800 Exception <a 'java/lang/NoSuchMethodError'{0x0000000086f8cfd8}: 'void java.lang.invoke.DirectMethodHandle$Holder.invokeInterface(java.lang.Object, java.lang.Object)'> (0x0000000086f8cfd8) thrown at [./src/hotspot/share/interpreter/linkResolver.cpp, line 773]
Event: 7.780 Thread 0x000002986932a800 Exception <a 'java/lang/ClassNotFoundException'{0x0000000086d4ba40}: org/gradle/api/internal/plugins/DefaultObjectConfigurationActionBeanInfo> (0x0000000086d4ba40) thrown at [./src/hotspot/share/classfile/systemDictionary.cpp, line 231]
Event: 7.782 Thread 0x000002986932a800 Exception <a 'java/lang/ClassNotFoundException'{0x0000000086d77a10}: org/gradle/api/internal/plugins/DefaultObjectConfigurationActionCustomizer> (0x0000000086d77a10) thrown at [./src/hotspot/share/classfile/systemDictionary.cpp, line 231]
Event: 7.945 Thread 0x000002986932a800 Exception <a 'java/lang/NoSuchMethodError'{0x000000008645ccc8}: 'java.lang.Object java.lang.invoke.DirectMethodHandle$Holder.invokeStatic(java.lang.Object, java.lang.Object, java.lang.Object, java.lang.Object, int)'> (0x000000008645ccc8) thrown at [./src/hotspot/share/interpreter/linkResolver.cpp, line 773]
Event: 7.946 Thread 0x000002986932a800 Exception <a 'java/lang/NoSuchMethodError'{0x00000000864616c0}: 'java.lang.Object java.lang.invoke.DirectMethodHandle$Holder.invokeSpecial(java.lang.Object, java.lang.Object, java.lang.Object, java.lang.Object, java.lang.Object, int)'> (0x00000000864616c0) thrown at [./src/hotspot/share/interpreter/linkResolver.cpp, line 773]
Event: 7.946 Thread 0x000002986932a800 Exception <a 'java/lang/NoSuchMethodError'{0x0000000086465d00}: 'java.lang.Object java.lang.invoke.Invokers$Holder.linkToTargetMethod(java.lang.Object, java.lang.Object, java.lang.Object, int, java.lang.Object)'> (0x0000000086465d00) thrown at [./src/hotspot/share/interpreter/linkResolver.cpp, line 773]
Event: 8.312 Thread 0x000002986932a800 Exception <a 'java/lang/NoSuchMethodError'{0x0000000085184d78}: 'java.lang.Object java.lang.invoke.DirectMethodHandle$Holder.invokeSpecial(java.lang.Object, java.lang.Object, int, int, java.lang.Object, java.lang.Object, java.lang.Object)'> (0x0000000085184d78) thrown at [./src/hotspot/share/interpreter/linkResolver.cpp, line 773]
Event: 8.313 Thread 0x000002986932a800 Exception <a 'java/lang/NoSuchMethodError'{0x00000000851892f8}: 'java.lang.Object java.lang.invoke.DelegatingMethodHandle$Holder.reinvoke_L(java.lang.Object, int, int, java.lang.Object, java.lang.Object, java.lang.Object)'> (0x00000000851892f8) thrown at [./src/hotspot/share/interpreter/linkResolver.cpp, line 773]
Event: 8.633 Thread 0x000002986932a800 Exception <a 'java/lang/NoSuchMethodError'{0x000000008861a880}: 'int java.lang.invoke.DirectMethodHandle$Holder.invokeInterface(java.lang.Object, java.lang.Object, java.lang.Object, java.lang.Object)'> (0x000000008861a880) thrown at [./src/hotspot/share/interpreter/linkResolver.cpp, line 773]
Event: 8.894 Thread 0x000002986932a800 Exception <a 'java/lang/NoSuchMethodError'{0x0000000087c116f8}: 'void java.lang.invoke.DirectMethodHandle$Holder.invokeInterface(java.lang.Object, java.lang.Object, java.lang.Object, java.lang.Object)'> (0x0000000087c116f8) thrown at [./src/hotspot/share/interpreter/linkResolver.cpp, line 773]
Event: 9.063 Thread 0x000002986932a800 Exception <a 'java/lang/IncompatibleClassChangeError'{0x00000000875a4098}: Found class java.lang.Object, but interface was expected> (0x00000000875a4098) thrown at [./src/hotspot/share/interpreter/linkResolver.cpp, line 839]
Event: 9.103 Thread 0x000002986932a800 Exception <a 'java/lang/NoSuchMethodError'{0x0000000087440020}: 'void java.lang.invoke.DirectMethodHandle$Holder.invokeStatic(java.lang.Object, java.lang.Object, java.lang.Object, java.lang.Object, java.lang.Object)'> (0x0000000087440020) thrown at [./src/hotspot/share/interpreter/linkResolver.cpp, line 773]
Event: 9.143 Thread 0x000002986932a800 Implicit null exception at 0x0000029857b3ee62 to 0x0000029857b40b60
Event: 9.253 Thread 0x000002986932a800 Implicit null exception at 0x0000029857baceab to 0x0000029857bad178

Events (20 events):
Event: 9.837 loading class com/android/tools/build/jetifier/core/rule/RewriteRulesMap$Companion done
Event: 9.838 loading class kotlin/collections/EmptyList
Event: 9.838 loading class kotlin/collections/EmptyList done
Event: 9.839 loading class kotlin/collections/EmptyIterator
Event: 9.839 loading class kotlin/collections/EmptyIterator done
Event: 9.841 loading class com/android/tools/build/jetifier/core/PackageMap$PackageRule
Event: 9.841 loading class com/android/tools/build/jetifier/core/PackageMap$PackageRule done
Event: 9.841 loading class com/android/tools/build/jetifier/core/PackageMap
Event: 9.841 loading class com/android/tools/build/jetifier/core/PackageMap done
Event: 9.842 loading class com/android/tools/build/jetifier/core/PackageMap$Companion
Event: 9.842 loading class com/android/tools/build/jetifier/core/PackageMap$Companion done
Event: 9.843 loading class com/android/tools/build/jetifier/core/pom/PomRewriteRule
Event: 9.843 loading class com/android/tools/build/jetifier/core/pom/PomRewriteRule done
Event: 9.843 loading class com/android/tools/build/jetifier/core/pom/PomRewriteRule$Companion
Event: 9.843 loading class com/android/tools/build/jetifier/core/pom/PomRewriteRule$Companion done
Event: 9.844 loading class com/android/tools/build/jetifier/core/pom/DependencyVersionsMap
Event: 9.844 loading class com/android/tools/build/jetifier/core/pom/DependencyVersionsMap done
Event: 9.845 loading class com/android/tools/build/jetifier/core/pom/DependencyVersionsMap$Companion
Event: 9.845 loading class com/android/tools/build/jetifier/core/pom/DependencyVersionsMap$Companion done
Event: 9.845 Executing VM operation: CollectForMetadataAllocation


Dynamic libraries:
0x00007ff6cfba0000 - 0x00007ff6cfbaa000 	C:\Program Files\Android\Android Studio\jre\bin\java.exe
0x00007ffb744b0000 - 0x00007ffb746a5000 	C:\WINDOWS\SYSTEM32\ntdll.dll
0x00007ffb72520000 - 0x00007ffb725dd000 	C:\WINDOWS\System32\KERNEL32.DLL
0x00007ffb71eb0000 - 0x00007ffb72179000 	C:\WINDOWS\System32\KERNELBASE.dll
0x00007ffb72230000 - 0x00007ffb72330000 	C:\WINDOWS\System32\ucrtbase.dll
0x00007ffb6d220000 - 0x00007ffb6d237000 	C:\Program Files\Android\Android Studio\jre\bin\VCRUNTIME140.dll
0x00007ffb6d200000 - 0x00007ffb6d219000 	C:\Program Files\Android\Android Studio\jre\bin\jli.dll
0x00007ffb733b0000 - 0x00007ffb73550000 	C:\WINDOWS\System32\USER32.dll
0x00007ffb71c80000 - 0x00007ffb71ca2000 	C:\WINDOWS\System32\win32u.dll
0x00007ffb73550000 - 0x00007ffb7357a000 	C:\WINDOWS\System32\GDI32.dll
0x00007ffb62900000 - 0x00007ffb62b9a000 	C:\WINDOWS\WinSxS\amd64_microsoft.windows.common-controls_6595b64144ccf1df_6.0.19041.1110_none_60b5254171f9507e\COMCTL32.dll
0x00007ffb72380000 - 0x00007ffb7248b000 	C:\WINDOWS\System32\gdi32full.dll
0x00007ffb73e50000 - 0x00007ffb73eee000 	C:\WINDOWS\System32\msvcrt.dll
0x00007ffb71cb0000 - 0x00007ffb71d4d000 	C:\WINDOWS\System32\msvcp_win.dll
0x00007ffb73750000 - 0x00007ffb73780000 	C:\WINDOWS\System32\IMM32.DLL
0x00007ffb6d090000 - 0x00007ffb6d12d000 	C:\Program Files\Android\Android Studio\jre\bin\msvcp140.dll
0x00007ffb4ab60000 - 0x00007ffb4b61c000 	C:\Program Files\Android\Android Studio\jre\bin\server\jvm.dll
0x00007ffb736a0000 - 0x00007ffb7374c000 	C:\WINDOWS\System32\ADVAPI32.dll
0x00007ffb73940000 - 0x00007ffb739db000 	C:\WINDOWS\System32\sechost.dll
0x00007ffb737e0000 - 0x00007ffb7390a000 	C:\WINDOWS\System32\RPCRT4.dll
0x00007ffb73f50000 - 0x00007ffb73f58000 	C:\WINDOWS\System32\PSAPI.DLL
0x00007ffb68900000 - 0x00007ffb68927000 	C:\WINDOWS\SYSTEM32\WINMM.dll
0x00007ffb6c3b0000 - 0x00007ffb6c3b9000 	C:\WINDOWS\SYSTEM32\WSOCK32.dll
0x00007ffb67090000 - 0x00007ffb6709a000 	C:\WINDOWS\SYSTEM32\VERSION.dll
0x00007ffb73580000 - 0x00007ffb735eb000 	C:\WINDOWS\System32\WS2_32.dll
0x00007ffb6fa40000 - 0x00007ffb6fa52000 	C:\WINDOWS\SYSTEM32\kernel.appcore.dll
0x00007ffb63090000 - 0x00007ffb630a1000 	C:\Program Files\Android\Android Studio\jre\bin\verify.dll
0x00007ffb6b750000 - 0x00007ffb6b934000 	C:\WINDOWS\SYSTEM32\DBGHELP.DLL
0x00007ffb6b160000 - 0x00007ffb6b18c000 	C:\WINDOWS\SYSTEM32\dbgcore.DLL
0x00007ffb72490000 - 0x00007ffb72513000 	C:\WINDOWS\System32\bcryptPrimitives.dll
0x00007ffb621e0000 - 0x00007ffb62209000 	C:\Program Files\Android\Android Studio\jre\bin\java.dll
0x00007ffb6bf50000 - 0x00007ffb6bf5b000 	C:\Program Files\Android\Android Studio\jre\bin\jimage.dll
0x00007ffb61ce0000 - 0x00007ffb61cf8000 	C:\Program Files\Android\Android Studio\jre\bin\zip.dll
0x00007ffb72c70000 - 0x00007ffb733af000 	C:\WINDOWS\System32\SHELL32.dll
0x00007ffb6fd20000 - 0x00007ffb704b1000 	C:\WINDOWS\SYSTEM32\windows.storage.dll
0x00007ffb73f60000 - 0x00007ffb742b5000 	C:\WINDOWS\System32\combase.dll
0x00007ffb71590000 - 0x00007ffb715bc000 	C:\WINDOWS\SYSTEM32\Wldp.dll
0x00007ffb735f0000 - 0x00007ffb7369e000 	C:\WINDOWS\System32\SHCORE.dll
0x00007ffb72a70000 - 0x00007ffb72ac5000 	C:\WINDOWS\System32\shlwapi.dll
0x00007ffb71b30000 - 0x00007ffb71b4f000 	C:\WINDOWS\SYSTEM32\profapi.dll
0x00007ffb61cc0000 - 0x00007ffb61cda000 	C:\Program Files\Android\Android Studio\jre\bin\net.dll
0x00007ffb68330000 - 0x00007ffb6843a000 	C:\WINDOWS\SYSTEM32\WINHTTP.dll
0x00007ffb712f0000 - 0x00007ffb7135a000 	C:\WINDOWS\system32\mswsock.dll
0x00007ffb61ca0000 - 0x00007ffb61cb4000 	C:\Program Files\Android\Android Studio\jre\bin\nio.dll
0x00007ffb613a0000 - 0x00007ffb613c7000 	C:\Users\Debaroti\.gradle\native\fdc75f09e3144964f2cf3f50f0aa648679c211496f362492102eb8c894070792\windows-amd64\native-platform.dll
0x00007ffb414d0000 - 0x00007ffb41666000 	C:\Users\Debaroti\.gradle\native\12488b8bf47d2d4c9fbf2f6322a914ad602e24e48041cd04a747c6da556b65c4\windows-amd64\native-platform-file-events.dll
0x00007ffb6be00000 - 0x00007ffb6be0a000 	C:\Program Files\Android\Android Studio\jre\bin\management.dll
0x00007ffb6ba90000 - 0x00007ffb6ba9c000 	C:\Program Files\Android\Android Studio\jre\bin\management_ext.dll
0x00007ffb714e0000 - 0x00007ffb714f8000 	C:\WINDOWS\SYSTEM32\CRYPTSP.dll
0x00007ffb70c90000 - 0x00007ffb70cc4000 	C:\WINDOWS\system32\rsaenh.dll
0x00007ffb71c50000 - 0x00007ffb71c77000 	C:\WINDOWS\System32\bcrypt.dll
0x00007ffb71ab0000 - 0x00007ffb71ade000 	C:\WINDOWS\SYSTEM32\USERENV.dll
0x00007ffb714d0000 - 0x00007ffb714dc000 	C:\WINDOWS\SYSTEM32\CRYPTBASE.dll
0x00007ffb70fe0000 - 0x00007ffb7101b000 	C:\WINDOWS\SYSTEM32\IPHLPAPI.DLL
0x00007ffb72b80000 - 0x00007ffb72b88000 	C:\WINDOWS\System32\NSI.dll
0x00007ffb69c30000 - 0x00007ffb69c47000 	C:\WINDOWS\SYSTEM32\dhcpcsvc6.DLL
0x00007ffb6af10000 - 0x00007ffb6af2d000 	C:\WINDOWS\SYSTEM32\dhcpcsvc.DLL
0x00007ffb71020000 - 0x00007ffb710ec000 	C:\WINDOWS\SYSTEM32\DNSAPI.dll
0x00007ffb6b150000 - 0x00007ffb6b15b000 	C:\WINDOWS\SYSTEM32\WINNSI.DLL

dbghelp: loaded successfully - version: 4.0.5 - missing functions: none
symbol engine: initialized successfully - sym options: 0x614 - pdb path: .;C:\Program Files\Android\Android Studio\jre\bin;C:\WINDOWS\SYSTEM32;C:\WINDOWS\WinSxS\amd64_microsoft.windows.common-controls_6595b64144ccf1df_6.0.19041.1110_none_60b5254171f9507e;C:\Program Files\Android\Android Studio\jre\bin\server;C:\Users\Debaroti\.gradle\native\fdc75f09e3144964f2cf3f50f0aa648679c211496f362492102eb8c894070792\windows-amd64;C:\Users\Debaroti\.gradle\native\12488b8bf47d2d4c9fbf2f6322a914ad602e24e48041cd04a747c6da556b65c4\windows-amd64

VM Arguments:
jvm_args: --add-opens=java.base/java.util=ALL-UNNAMED --add-opens=java.base/java.lang=ALL-UNNAMED --add-opens=java.base/java.lang.invoke=ALL-UNNAMED --add-opens=java.prefs/java.util.prefs=ALL-UNNAMED -Xmx2048m -Dfile.encoding=UTF-8 -Duser.country=US -Duser.language=en -Duser.variant 
java_command: org.gradle.launcher.daemon.bootstrap.GradleDaemon 6.7.1
java_class_path (initial): C:\Users\Debaroti\.gradle\wrapper\dists\gradle-6.7.1-bin\bwlcbys1h7rz3272sye1xwiv6\gradle-6.7.1\lib\gradle-launcher-6.7.1.jar
Launcher Type: SUN_STANDARD

[Global flags]
     intx CICompilerCount                          = 3                                         {product} {ergonomic}
     uint ConcGCThreads                            = 1                                         {product} {ergonomic}
     uint G1ConcRefinementThreads                  = 4                                         {product} {ergonomic}
   size_t G1HeapRegionSize                         = 1048576                                   {product} {ergonomic}
    uintx GCDrainStackTargetSize                   = 64                                        {product} {ergonomic}
   size_t InitialHeapSize                          = 100663296                                 {product} {ergonomic}
   size_t MarkStackSize                            = 4194304                                   {product} {ergonomic}
   size_t MaxHeapSize                              = 2147483648                                {product} {command line}
   size_t MaxNewSize                               = 1287651328                                {product} {ergonomic}
   size_t MinHeapDeltaBytes                        = 1048576                                   {product} {ergonomic}
    uintx NonNMethodCodeHeapSize                   = 5830732                                {pd product} {ergonomic}
    uintx NonProfiledCodeHeapSize                  = 122913754                              {pd product} {ergonomic}
    uintx ProfiledCodeHeapSize                     = 122913754                              {pd product} {ergonomic}
    uintx ReservedCodeCacheSize                    = 251658240                              {pd product} {ergonomic}
     bool SegmentedCodeCache                       = true                                      {product} {ergonomic}
     bool UseCompressedClassPointers               = true                                 {lp64_product} {ergonomic}
     bool UseCompressedOops                        = true                                 {lp64_product} {ergonomic}
     bool UseG1GC                                  = true                                      {product} {ergonomic}
     bool UseLargePagesIndividualAllocation        = false                                  {pd product} {ergonomic}

Logging:
Log output configuration:
 #0: stdout all=warning uptime,level,tags
 #1: stderr all=off uptime,level,tags

Environment Variables:
PATH=C:\WINDOWS\system32;C:\WINDOWS;C:\WINDOWS\System32\Wbem;C:\WINDOWS\System32\WindowsPowerShell\v1.0\;C:\WINDOWS\System32\OpenSSH\;C:\Program Files\dotnet\;C:\Program Files\Microsoft SQL Server\130\Tools\Binn\;C:\Program Files\Microsoft SQL Server\Client SDK\ODBC\170\Tools\Binn\;C:\Users\Debaroti\AppData\Local\Microsoft\WindowsApps;;D:\Users\Debaroti\AppData\Local\Programs\Microsoft VS Code\bin;C:\Users\Debaroti\.dotnet\tools
USERNAME=Debaroti
OS=Windows_NT
PROCESSOR_IDENTIFIER=Intel64 Family 6 Model 58 Stepping 9, GenuineIntel



---------------  S Y S T E M  ---------------

OS: Windows 10 , 64 bit Build 19041 (10.0.19041.1023)
OS uptime: 0 days 11:56 hours

CPU:total 4 (initial active 4) (2 cores per cpu, 2 threads per core) family 6 model 58 stepping 9, cmov, cx8, fxsr, mmx, sse, sse2, sse3, ssse3, sse4.1, sse4.2, popcnt, avx, aes, clmul, erms, ht, tsc, tscinvbit, tscinv

Memory: 4k page, system-wide physical 6046M (1886M free)
TotalPageFile size 7710M (AvailPageFile size 2675M)
current process WorkingSet (physical memory assigned to process): 332M, peak: 335M
current process commit charge ("private bytes"): 374M, peak: 377M

vm_info: OpenJDK 64-Bit Server VM (11.0.8+10-b944.6842174) for windows-amd64 JRE (11.0.8+10-b944.6842174), built on Sep 19 2020 01:11:42 by "builder" with MS VC++ 14.0 (VS2015)

END.
